Using pre-set license
Built from '2020.3/staging' branch; Version is '2020.3.8f1 (507919d4fff5) revision 5273881'; Using compiler version '192528614'; Build Type 'Release'
OS: 'Windows 10 Pro; OS build 19042.1237; Version 2009; 64bit' Language: 'ru' Physical Memory: 16334 MB
BatchMode: 1, IsHumanControllingUs: 0, StartBugReporterOnCrash: 0, Is64bit: 1, IsPro: 0

 COMMAND LINE ARGUMENTS:
C:\Program Files\Unity\Hub\Editor\2020.3.8f1\Editor\Unity.exe
-adb2
-batchMode
-noUpm
-name
AssetImportWorker0
-projectPath
E:/GitHub/LD49Proj/Ludum Dare 49 project
-logFile
Logs/AssetImportWorker0.log
-srvPort
12440
Successfully changed project path to: E:/GitHub/LD49Proj/Ludum Dare 49 project
E:/GitHub/LD49Proj/Ludum Dare 49 project
Using Asset Import Pipeline V2.
Refreshing native plugins compatible for Editor in 56.49 ms, found 1 plugins.
Preloading 0 native plugins for Editor in 0.00 ms.
Initialize engine version: 2020.3.8f1 (507919d4fff5)
[Subsystems] Discovering subsystems at path C:/Program Files/Unity/Hub/Editor/2020.3.8f1/Editor/Data/Resources/UnitySubsystems
[Subsystems] Discovering subsystems at path E:/GitHub/LD49Proj/Ludum Dare 49 project/Assets
GfxDevice: creating device client; threaded=0
Direct3D:
    Version:  Direct3D 11.0 [level 11.1]
    Renderer: NVIDIA GeForce GTX 1070 (ID=0x1b81)
    Vendor:   
    VRAM:     8088 MB
    Driver:   27.21.14.6677
Shader 'Universal Render Pipeline/Particles/Lit': fallback shader 'Universal Render Pipeline/Particles/SimpleLit' not found
Initialize mono
Mono path[0] = 'C:/Program Files/Unity/Hub/Editor/2020.3.8f1/Editor/Data/Managed'
Mono path[1] = 'C:/Program Files/Unity/Hub/Editor/2020.3.8f1/Editor/Data/MonoBleedingEdge/lib/mono/unityjit'
Mono config path = 'C:/Program Files/Unity/Hub/Editor/2020.3.8f1/Editor/Data/MonoBleedingEdge/etc'
Using monoOptions --debugger-agent=transport=dt_socket,embedding=1,server=y,suspend=n,address=127.0.0.1:56664
Begin MonoManager ReloadAssembly
Registering precompiled unity dll's ...
Register platform support module: C:/Program Files/Unity/Hub/Editor/2020.3.8f1/Editor/Data/PlaybackEngines/WindowsStandaloneSupport/UnityEditor.WindowsStandalone.Extensions.dll
Registered in 0.002599 seconds.
Native extension for WindowsStandalone target not found
Refreshing native plugins compatible for Editor in 68.00 ms, found 1 plugins.
Preloading 0 native plugins for Editor in 0.00 ms.
Mono: successfully reloaded assembly
- Completed reload, in  1.348 seconds
Platform modules already initialized, skipping
Registering precompiled user dll's ...
Registered in 0.001472 seconds.
Begin MonoManager ReloadAssembly
Native extension for WindowsStandalone target not found
Refreshing native plugins compatible for Editor in 69.55 ms, found 1 plugins.
Preloading 0 native plugins for Editor in 0.00 ms.
Mono: successfully reloaded assembly
- Completed reload, in  1.231 seconds
Platform modules already initialized, skipping
========================================================================
Worker process is ready to serve import requests
Shader 'Universal Render Pipeline/Particles/Lit': fallback shader 'Universal Render Pipeline/Particles/SimpleLit' not found
Launched and connected shader compiler UnityShaderCompiler.exe after 0.05 seconds
Refreshing native plugins compatible for Editor in 0.83 ms, found 1 plugins.
Preloading 0 native plugins for Editor in 0.00 ms.
Unloading 3124 Unused Serialized files (Serialized files now loaded: 0)
System memory in use before: 137.8 MB.
System memory in use after: 137.8 MB.

Unloading 26 unused Assets to reduce memory usage. Loaded Objects now: 3566.
Total: 2.928300 ms (FindLiveObjects: 0.305200 ms CreateObjectMapping: 0.088900 ms MarkObjects: 2.372600 ms  DeleteObjects: 0.159700 ms)

========================================================================
Received Import Request.
  path: Assets/Prefab/Nuclee.prefab
  artifactKey: Guid(a48c4fe51cb17544ea82b4c8b7dca0f3) Importer(815301076,1909f56bfc062723c751e8b465ee728b)
Start importing Assets/Prefab/Nuclee.prefab using Guid(a48c4fe51cb17544ea82b4c8b7dca0f3) Importer(815301076,1909f56bfc062723c751e8b465ee728b)  -> (artifact id: '3ff776ce056e020578af633a42ed0e62') in 0.228963 seconds
  Import took 0.233926 seconds .

========================================================================
Received Import Request.
  Time since last request: 0.027277 seconds.
  path: Assets/Prefab/Nuclee.prefab
  artifactKey: Guid(a48c4fe51cb17544ea82b4c8b7dca0f3) Importer(815301076,1909f56bfc062723c751e8b465ee728b)
Start importing Assets/Prefab/Nuclee.prefab using Guid(a48c4fe51cb17544ea82b4c8b7dca0f3) Importer(815301076,1909f56bfc062723c751e8b465ee728b)  -> (artifact id: '3ff776ce056e020578af633a42ed0e62') in 0.011775 seconds
  Import took 0.016729 seconds .

========================================================================
Received Import Request.
  Time since last request: 6.037937 seconds.
  path: Assets/Prefab/Nuclee.prefab
  artifactKey: Guid(a48c4fe51cb17544ea82b4c8b7dca0f3) Importer(815301076,1909f56bfc062723c751e8b465ee728b)
Start importing Assets/Prefab/Nuclee.prefab using Guid(a48c4fe51cb17544ea82b4c8b7dca0f3) Importer(815301076,1909f56bfc062723c751e8b465ee728b)  -> (artifact id: 'ad7ec6eab4f9d3fd494a78e156420a0d') in 0.011227 seconds
  Import took 0.016117 seconds .

========================================================================
Received Import Request.
  Time since last request: 0.020416 seconds.
  path: Assets/Prefab/Nuclee.prefab
  artifactKey: Guid(a48c4fe51cb17544ea82b4c8b7dca0f3) Importer(815301076,1909f56bfc062723c751e8b465ee728b)
Start importing Assets/Prefab/Nuclee.prefab using Guid(a48c4fe51cb17544ea82b4c8b7dca0f3) Importer(815301076,1909f56bfc062723c751e8b465ee728b)  -> (artifact id: 'ad7ec6eab4f9d3fd494a78e156420a0d') in 0.007001 seconds
  Import took 0.011865 seconds .

========================================================================
Received Prepare
Registering precompiled user dll's ...
Registered in 0.001380 seconds.
Begin MonoManager ReloadAssembly
Native extension for WindowsStandalone target not found
Refreshing native plugins compatible for Editor in 0.56 ms, found 1 plugins.
Preloading 0 native plugins for Editor in 0.00 ms.
Mono: successfully reloaded assembly
- Completed reload, in  1.078 seconds
Platform modules already initialized, skipping
Shader 'Universal Render Pipeline/Particles/Lit': fallback shader 'Universal Render Pipeline/Particles/SimpleLit' not found
Refreshing native plugins compatible for Editor in 0.54 ms, found 1 plugins.
Preloading 0 native plugins for Editor in 0.00 ms.
Unloading 3000 Unused Serialized files (Serialized files now loaded: 0)
System memory in use before: 134.6 MB.
System memory in use after: 134.7 MB.

Unloading 18 unused Assets to reduce memory usage. Loaded Objects now: 3615.
Total: 2.917400 ms (FindLiveObjects: 0.309600 ms CreateObjectMapping: 0.085800 ms MarkObjects: 2.335700 ms  DeleteObjects: 0.185000 ms)

========================================================================
Received Prepare
Registering precompiled user dll's ...
Registered in 0.001428 seconds.
Begin MonoManager ReloadAssembly
Native extension for WindowsStandalone target not found
Refreshing native plugins compatible for Editor in 0.52 ms, found 1 plugins.
Preloading 0 native plugins for Editor in 0.00 ms.
Mono: successfully reloaded assembly
- Completed reload, in  0.997 seconds
Platform modules already initialized, skipping
Shader 'Universal Render Pipeline/Particles/Lit': fallback shader 'Universal Render Pipeline/Particles/SimpleLit' not found
Refreshing native plugins compatible for Editor in 0.60 ms, found 1 plugins.
Preloading 0 native plugins for Editor in 0.00 ms.
Unloading 3000 Unused Serialized files (Serialized files now loaded: 0)
System memory in use before: 134.7 MB.
System memory in use after: 134.8 MB.

Unloading 14 unused Assets to reduce memory usage. Loaded Objects now: 3619.
Total: 4.388300 ms (FindLiveObjects: 0.558600 ms CreateObjectMapping: 0.123500 ms MarkObjects: 3.519000 ms  DeleteObjects: 0.184200 ms)

========================================================================
Received Import Request.
  Time since last request: 67.478024 seconds.
  path: Assets/Prefab/Nuclee.prefab
  artifactKey: Guid(a48c4fe51cb17544ea82b4c8b7dca0f3) Importer(815301076,1909f56bfc062723c751e8b465ee728b)
Start importing Assets/Prefab/Nuclee.prefab using Guid(a48c4fe51cb17544ea82b4c8b7dca0f3) Importer(815301076,1909f56bfc062723c751e8b465ee728b)  -> (artifact id: '068a61bb4696875211105b17c49bb6c7') in 0.172000 seconds
  Import took 0.177678 seconds .

========================================================================
Received Prepare
Registering precompiled user dll's ...
Registered in 0.001417 seconds.
Begin MonoManager ReloadAssembly
Native extension for WindowsStandalone target not found
Refreshing native plugins compatible for Editor in 0.56 ms, found 1 plugins.
Preloading 0 native plugins for Editor in 0.00 ms.
Mono: successfully reloaded assembly
- Completed reload, in  1.088 seconds
Platform modules already initialized, skipping
Shader 'Universal Render Pipeline/Particles/Lit': fallback shader 'Universal Render Pipeline/Particles/SimpleLit' not found
Refreshing native plugins compatible for Editor in 0.57 ms, found 1 plugins.
Preloading 0 native plugins for Editor in 0.00 ms.
Unloading 3000 Unused Serialized files (Serialized files now loaded: 0)
System memory in use before: 134.8 MB.
System memory in use after: 134.9 MB.

Unloading 18 unused Assets to reduce memory usage. Loaded Objects now: 3659.
Total: 3.120200 ms (FindLiveObjects: 0.308000 ms CreateObjectMapping: 0.088400 ms MarkObjects: 2.521200 ms  DeleteObjects: 0.201400 ms)

========================================================================
Received Prepare
Registering precompiled user dll's ...
Registered in 0.001377 seconds.
Begin MonoManager ReloadAssembly
Native extension for WindowsStandalone target not found
Refreshing native plugins compatible for Editor in 0.54 ms, found 1 plugins.
Preloading 0 native plugins for Editor in 0.00 ms.
Mono: successfully reloaded assembly
- Completed reload, in  1.115 seconds
Platform modules already initialized, skipping
Shader 'Universal Render Pipeline/Particles/Lit': fallback shader 'Universal Render Pipeline/Particles/SimpleLit' not found
Refreshing native plugins compatible for Editor in 0.51 ms, found 1 plugins.
Preloading 0 native plugins for Editor in 0.00 ms.
Unloading 3000 Unused Serialized files (Serialized files now loaded: 0)
System memory in use before: 134.8 MB.
System memory in use after: 134.9 MB.

Unloading 14 unused Assets to reduce memory usage. Loaded Objects now: 3663.
Total: 2.717000 ms (FindLiveObjects: 0.280900 ms CreateObjectMapping: 0.079000 ms MarkObjects: 2.226300 ms  DeleteObjects: 0.129500 ms)

========================================================================
Received Prepare
Registering precompiled user dll's ...
Registered in 0.001402 seconds.
Begin MonoManager ReloadAssembly
Native extension for WindowsStandalone target not found
Refreshing native plugins compatible for Editor in 0.56 ms, found 1 plugins.
Preloading 0 native plugins for Editor in 0.00 ms.
Mono: successfully reloaded assembly
- Completed reload, in  1.065 seconds
Platform modules already initialized, skipping
Shader 'Universal Render Pipeline/Particles/Lit': fallback shader 'Universal Render Pipeline/Particles/SimpleLit' not found
Refreshing native plugins compatible for Editor in 0.52 ms, found 1 plugins.
Preloading 0 native plugins for Editor in 0.00 ms.
Unloading 3000 Unused Serialized files (Serialized files now loaded: 0)
System memory in use before: 134.8 MB.
System memory in use after: 134.9 MB.

Unloading 14 unused Assets to reduce memory usage. Loaded Objects now: 3667.
Total: 2.647400 ms (FindLiveObjects: 0.293900 ms CreateObjectMapping: 0.084900 ms MarkObjects: 2.136000 ms  DeleteObjects: 0.131400 ms)

========================================================================
Received Prepare
Registering precompiled user dll's ...
Registered in 0.001454 seconds.
Begin MonoManager ReloadAssembly
Native extension for WindowsStandalone target not found
Refreshing native plugins compatible for Editor in 0.50 ms, found 1 plugins.
Preloading 0 native plugins for Editor in 0.00 ms.
Mono: successfully reloaded assembly
- Completed reload, in  1.068 seconds
Platform modules already initialized, skipping
Shader 'Universal Render Pipeline/Particles/Lit': fallback shader 'Universal Render Pipeline/Particles/SimpleLit' not found
Refreshing native plugins compatible for Editor in 0.49 ms, found 1 plugins.
Preloading 0 native plugins for Editor in 0.00 ms.
Unloading 3000 Unused Serialized files (Serialized files now loaded: 0)
System memory in use before: 134.8 MB.
System memory in use after: 134.9 MB.

Unloading 14 unused Assets to reduce memory usage. Loaded Objects now: 3671.
Total: 2.585200 ms (FindLiveObjects: 0.271900 ms CreateObjectMapping: 0.079400 ms MarkObjects: 2.108900 ms  DeleteObjects: 0.124100 ms)

========================================================================
Received Prepare
Registering precompiled user dll's ...
Registered in 0.001418 seconds.
Begin MonoManager ReloadAssembly
Native extension for WindowsStandalone target not found
Refreshing native plugins compatible for Editor in 0.50 ms, found 1 plugins.
Preloading 0 native plugins for Editor in 0.00 ms.
Mono: successfully reloaded assembly
- Completed reload, in  1.121 seconds
Platform modules already initialized, skipping
Shader 'Universal Render Pipeline/Particles/Lit': fallback shader 'Universal Render Pipeline/Particles/SimpleLit' not found
Refreshing native plugins compatible for Editor in 0.54 ms, found 1 plugins.
Preloading 0 native plugins for Editor in 0.00 ms.
Unloading 3000 Unused Serialized files (Serialized files now loaded: 0)
System memory in use before: 134.9 MB.
System memory in use after: 135.0 MB.

Unloading 14 unused Assets to reduce memory usage. Loaded Objects now: 3675.
Total: 2.926500 ms (FindLiveObjects: 0.299000 ms CreateObjectMapping: 0.085000 ms MarkObjects: 2.403100 ms  DeleteObjects: 0.138100 ms)

========================================================================
Received Prepare
Registering precompiled user dll's ...
Registered in 0.001396 seconds.
Begin MonoManager ReloadAssembly
Native extension for WindowsStandalone target not found
Refreshing native plugins compatible for Editor in 0.50 ms, found 1 plugins.
Preloading 0 native plugins for Editor in 0.00 ms.
Mono: successfully reloaded assembly
- Completed reload, in  1.035 seconds
Platform modules already initialized, skipping
Shader 'Universal Render Pipeline/Particles/Lit': fallback shader 'Universal Render Pipeline/Particles/SimpleLit' not found
Refreshing native plugins compatible for Editor in 0.54 ms, found 1 plugins.
Preloading 0 native plugins for Editor in 0.00 ms.
Unloading 3000 Unused Serialized files (Serialized files now loaded: 0)
System memory in use before: 134.9 MB.
System memory in use after: 135.0 MB.

Unloading 14 unused Assets to reduce memory usage. Loaded Objects now: 3679.
Total: 2.956600 ms (FindLiveObjects: 0.303300 ms CreateObjectMapping: 0.088800 ms MarkObjects: 2.419400 ms  DeleteObjects: 0.143600 ms)

========================================================================
Received Prepare
Registering precompiled user dll's ...
Registered in 0.001490 seconds.
Begin MonoManager ReloadAssembly
Native extension for WindowsStandalone target not found
Refreshing native plugins compatible for Editor in 0.83 ms, found 1 plugins.
Preloading 0 native plugins for Editor in 0.00 ms.
Mono: successfully reloaded assembly
- Completed reload, in  1.084 seconds
Platform modules already initialized, skipping
Shader 'Universal Render Pipeline/Particles/Lit': fallback shader 'Universal Render Pipeline/Particles/SimpleLit' not found
Refreshing native plugins compatible for Editor in 0.53 ms, found 1 plugins.
Preloading 0 native plugins for Editor in 0.00 ms.
Unloading 3000 Unused Serialized files (Serialized files now loaded: 0)
System memory in use before: 134.9 MB.
System memory in use after: 135.0 MB.

Unloading 14 unused Assets to reduce memory usage. Loaded Objects now: 3683.
Total: 2.751200 ms (FindLiveObjects: 0.291100 ms CreateObjectMapping: 0.082700 ms MarkObjects: 2.241100 ms  DeleteObjects: 0.135200 ms)

========================================================================
Received Prepare
Registering precompiled user dll's ...
Registered in 0.001370 seconds.
Begin MonoManager ReloadAssembly
Native extension for WindowsStandalone target not found
Refreshing native plugins compatible for Editor in 0.57 ms, found 1 plugins.
Preloading 0 native plugins for Editor in 0.00 ms.
Mono: successfully reloaded assembly
- Completed reload, in  1.096 seconds
Platform modules already initialized, skipping
Shader 'Universal Render Pipeline/Particles/Lit': fallback shader 'Universal Render Pipeline/Particles/SimpleLit' not found
Refreshing native plugins compatible for Editor in 0.57 ms, found 1 plugins.
Preloading 0 native plugins for Editor in 0.00 ms.
Unloading 3000 Unused Serialized files (Serialized files now loaded: 0)
System memory in use before: 134.9 MB.
System memory in use after: 135.0 MB.

Unloading 14 unused Assets to reduce memory usage. Loaded Objects now: 3687.
Total: 3.007600 ms (FindLiveObjects: 0.314400 ms CreateObjectMapping: 0.091500 ms MarkObjects: 2.452300 ms  DeleteObjects: 0.147000 ms)

========================================================================
Received Prepare
Registering precompiled user dll's ...
Registered in 0.001432 seconds.
Begin MonoManager ReloadAssembly
Native extension for WindowsStandalone target not found
Refreshing native plugins compatible for Editor in 0.57 ms, found 1 plugins.
Preloading 0 native plugins for Editor in 0.00 ms.
Mono: successfully reloaded assembly
- Completed reload, in  1.084 seconds
Platform modules already initialized, skipping
Shader 'Universal Render Pipeline/Particles/Lit': fallback shader 'Universal Render Pipeline/Particles/SimpleLit' not found
Refreshing native plugins compatible for Editor in 0.53 ms, found 1 plugins.
Preloading 0 native plugins for Editor in 0.00 ms.
Unloading 3000 Unused Serialized files (Serialized files now loaded: 0)
System memory in use before: 134.9 MB.
System memory in use after: 135.0 MB.

Unloading 14 unused Assets to reduce memory usage. Loaded Objects now: 3691.
Total: 2.669400 ms (FindLiveObjects: 0.288900 ms CreateObjectMapping: 0.079100 ms MarkObjects: 2.171800 ms  DeleteObjects: 0.128500 ms)

========================================================================
Received Import Request.
  Time since last request: 661.491531 seconds.
  path: Assets/Prefab/Nuclee.prefab
  artifactKey: Guid(a48c4fe51cb17544ea82b4c8b7dca0f3) Importer(815301076,1909f56bfc062723c751e8b465ee728b)
Start importing Assets/Prefab/Nuclee.prefab using Guid(a48c4fe51cb17544ea82b4c8b7dca0f3) Importer(815301076,1909f56bfc062723c751e8b465ee728b)  -> (artifact id: '1d7585cf6f7da0d6fe9629794afa8a67') in 0.194928 seconds
  Import took 0.200761 seconds .

========================================================================
Received Prepare
Registering precompiled user dll's ...
Registered in 0.001378 seconds.
Begin MonoManager ReloadAssembly
Native extension for WindowsStandalone target not found
Refreshing native plugins compatible for Editor in 0.52 ms, found 1 plugins.
Preloading 0 native plugins for Editor in 0.00 ms.
Mono: successfully reloaded assembly
- Completed reload, in  1.118 seconds
Platform modules already initialized, skipping
Shader 'Universal Render Pipeline/Particles/Lit': fallback shader 'Universal Render Pipeline/Particles/SimpleLit' not found
Refreshing native plugins compatible for Editor in 0.54 ms, found 1 plugins.
Preloading 0 native plugins for Editor in 0.00 ms.
Unloading 3000 Unused Serialized files (Serialized files now loaded: 0)
System memory in use before: 135.0 MB.
System memory in use after: 135.1 MB.

Unloading 18 unused Assets to reduce memory usage. Loaded Objects now: 3731.
Total: 3.059000 ms (FindLiveObjects: 0.326100 ms CreateObjectMapping: 0.085700 ms MarkObjects: 2.455500 ms  DeleteObjects: 0.189900 ms)

========================================================================
Received Prepare
Registering precompiled user dll's ...
Registered in 0.001461 seconds.
Begin MonoManager ReloadAssembly
Native extension for WindowsStandalone target not found
Refreshing native plugins compatible for Editor in 0.57 ms, found 1 plugins.
Preloading 0 native plugins for Editor in 0.00 ms.
Mono: successfully reloaded assembly
- Completed reload, in  1.008 seconds
Platform modules already initialized, skipping
Shader 'Universal Render Pipeline/Particles/Lit': fallback shader 'Universal Render Pipeline/Particles/SimpleLit' not found
Refreshing native plugins compatible for Editor in 0.52 ms, found 1 plugins.
Preloading 0 native plugins for Editor in 0.00 ms.
Unloading 3000 Unused Serialized files (Serialized files now loaded: 0)
System memory in use before: 135.0 MB.
System memory in use after: 135.1 MB.

Unloading 14 unused Assets to reduce memory usage. Loaded Objects now: 3735.
Total: 2.964900 ms (FindLiveObjects: 0.299000 ms CreateObjectMapping: 0.083900 ms MarkObjects: 2.447300 ms  DeleteObjects: 0.133800 ms)

========================================================================
Received Prepare
Registering precompiled user dll's ...
Registered in 0.001418 seconds.
Begin MonoManager ReloadAssembly
Native extension for WindowsStandalone target not found
Refreshing native plugins compatible for Editor in 0.54 ms, found 1 plugins.
Preloading 0 native plugins for Editor in 0.00 ms.
Mono: successfully reloaded assembly
- Completed reload, in  1.093 seconds
Platform modules already initialized, skipping
Shader 'Universal Render Pipeline/Particles/Lit': fallback shader 'Universal Render Pipeline/Particles/SimpleLit' not found
Refreshing native plugins compatible for Editor in 0.52 ms, found 1 plugins.
Preloading 0 native plugins for Editor in 0.00 ms.
Unloading 3000 Unused Serialized files (Serialized files now loaded: 0)
System memory in use before: 135.0 MB.
System memory in use after: 135.1 MB.

Unloading 14 unused Assets to reduce memory usage. Loaded Objects now: 3739.
Total: 2.840500 ms (FindLiveObjects: 0.281900 ms CreateObjectMapping: 0.082300 ms MarkObjects: 2.342200 ms  DeleteObjects: 0.133000 ms)

========================================================================
Received Import Request.
  Time since last request: 79.716267 seconds.
  path: Assets/Prefab/Nuclee.prefab
  artifactKey: Guid(a48c4fe51cb17544ea82b4c8b7dca0f3) Importer(815301076,1909f56bfc062723c751e8b465ee728b)
Start importing Assets/Prefab/Nuclee.prefab using Guid(a48c4fe51cb17544ea82b4c8b7dca0f3) Importer(815301076,1909f56bfc062723c751e8b465ee728b)  -> (artifact id: '0444ca0964317a0e697962668ba0f16f') in 0.171309 seconds
  Import took 0.177163 seconds .

========================================================================
Received Prepare
Registering precompiled user dll's ...
Registered in 0.001472 seconds.
Begin MonoManager ReloadAssembly
Native extension for WindowsStandalone target not found
Refreshing native plugins compatible for Editor in 0.53 ms, found 1 plugins.
Preloading 0 native plugins for Editor in 0.00 ms.
Mono: successfully reloaded assembly
- Completed reload, in  1.101 seconds
Platform modules already initialized, skipping
Shader 'Universal Render Pipeline/Particles/Lit': fallback shader 'Universal Render Pipeline/Particles/SimpleLit' not found
Refreshing native plugins compatible for Editor in 0.55 ms, found 1 plugins.
Preloading 0 native plugins for Editor in 0.00 ms.
Unloading 3000 Unused Serialized files (Serialized files now loaded: 0)
System memory in use before: 135.1 MB.
System memory in use after: 135.2 MB.

Unloading 18 unused Assets to reduce memory usage. Loaded Objects now: 3779.
Total: 2.952700 ms (FindLiveObjects: 0.298100 ms CreateObjectMapping: 0.084700 ms MarkObjects: 2.393800 ms  DeleteObjects: 0.175100 ms)

========================================================================
Received Import Request.
  Time since last request: 59.030708 seconds.
  path: Assets/Prefab/Nuclee.prefab
  artifactKey: Guid(a48c4fe51cb17544ea82b4c8b7dca0f3) Importer(815301076,1909f56bfc062723c751e8b465ee728b)
Start importing Assets/Prefab/Nuclee.prefab using Guid(a48c4fe51cb17544ea82b4c8b7dca0f3) Importer(815301076,1909f56bfc062723c751e8b465ee728b)  -> (artifact id: '027bf6f966d14e03d7f396593afbafc9') in 0.193498 seconds
  Import took 0.198967 seconds .

========================================================================
Received Prepare
Registering precompiled user dll's ...
Registered in 0.001403 seconds.
Begin MonoManager ReloadAssembly
Native extension for WindowsStandalone target not found
Refreshing native plugins compatible for Editor in 0.51 ms, found 1 plugins.
Preloading 0 native plugins for Editor in 0.00 ms.
Mono: successfully reloaded assembly
- Completed reload, in  1.098 seconds
Platform modules already initialized, skipping
Shader 'Universal Render Pipeline/Particles/Lit': fallback shader 'Universal Render Pipeline/Particles/SimpleLit' not found
Refreshing native plugins compatible for Editor in 0.58 ms, found 1 plugins.
Preloading 0 native plugins for Editor in 0.00 ms.
Unloading 3000 Unused Serialized files (Serialized files now loaded: 0)
System memory in use before: 135.2 MB.
System memory in use after: 135.3 MB.

Unloading 18 unused Assets to reduce memory usage. Loaded Objects now: 3819.
Total: 8.035900 ms (FindLiveObjects: 1.374100 ms CreateObjectMapping: 0.519300 ms MarkObjects: 5.829800 ms  DeleteObjects: 0.310600 ms)

========================================================================
Received Import Request.
  Time since last request: 5292.905678 seconds.
  path: Assets/Scripts/NucleeAnimator.cs
  artifactKey: Guid(13bdd6cd8155c6a4fb9bda613ce28578) Importer(815301076,1909f56bfc062723c751e8b465ee728b)
Start importing Assets/Scripts/NucleeAnimator.cs using Guid(13bdd6cd8155c6a4fb9bda613ce28578) Importer(815301076,1909f56bfc062723c751e8b465ee728b)  -> (artifact id: '6d06970583a854d9b6e59b18601ca409') in 0.100133 seconds
  Import took 0.230571 seconds .

========================================================================
Received Prepare
Registering precompiled user dll's ...
Registered in 0.001354 seconds.
Begin MonoManager ReloadAssembly
Native extension for WindowsStandalone target not found
Refreshing native plugins compatible for Editor in 0.53 ms, found 1 plugins.
Preloading 0 native plugins for Editor in 0.00 ms.
Mono: successfully reloaded assembly
- Completed reload, in  1.212 seconds
Platform modules already initialized, skipping
Shader 'Universal Render Pipeline/Particles/Lit': fallback shader 'Universal Render Pipeline/Particles/SimpleLit' not found
Refreshing native plugins compatible for Editor in 0.52 ms, found 1 plugins.
Preloading 0 native plugins for Editor in 0.00 ms.
Unloading 3001 Unused Serialized files (Serialized files now loaded: 0)
System memory in use before: 135.3 MB.
System memory in use after: 135.4 MB.

Unloading 14 unused Assets to reduce memory usage. Loaded Objects now: 3824.
Total: 2.727600 ms (FindLiveObjects: 0.293900 ms CreateObjectMapping: 0.077100 ms MarkObjects: 2.218100 ms  DeleteObjects: 0.137600 ms)

========================================================================
Received Prepare
Registering precompiled user dll's ...
Registered in 0.001401 seconds.
Begin MonoManager ReloadAssembly
Native extension for WindowsStandalone target not found
Refreshing native plugins compatible for Editor in 0.55 ms, found 1 plugins.
Preloading 0 native plugins for Editor in 0.00 ms.
Mono: successfully reloaded assembly
- Completed reload, in  1.108 seconds
Platform modules already initialized, skipping
Shader 'Universal Render Pipeline/Particles/Lit': fallback shader 'Universal Render Pipeline/Particles/SimpleLit' not found
Refreshing native plugins compatible for Editor in 0.53 ms, found 1 plugins.
Preloading 0 native plugins for Editor in 0.00 ms.
Unloading 3001 Unused Serialized files (Serialized files now loaded: 0)
System memory in use before: 135.3 MB.
System memory in use after: 135.4 MB.

Unloading 14 unused Assets to reduce memory usage. Loaded Objects now: 3828.
Total: 2.968300 ms (FindLiveObjects: 0.305900 ms CreateObjectMapping: 0.088200 ms MarkObjects: 2.425500 ms  DeleteObjects: 0.147500 ms)

========================================================================
Received Import Request.
  Time since last request: 305.716762 seconds.
  path: Assets/Scripts/NucleeAnimator.cs
  artifactKey: Guid(13bdd6cd8155c6a4fb9bda613ce28578) Importer(815301076,1909f56bfc062723c751e8b465ee728b)
Start importing Assets/Scripts/NucleeAnimator.cs using Guid(13bdd6cd8155c6a4fb9bda613ce28578) Importer(815301076,1909f56bfc062723c751e8b465ee728b)  -> (artifact id: '4aaa59104cad3df4b3b395bd10b8cee7') in 0.005897 seconds
  Import took 0.010619 seconds .

========================================================================
Received Prepare
Registering precompiled user dll's ...
Registered in 0.001374 seconds.
Begin MonoManager ReloadAssembly
Native extension for WindowsStandalone target not found
Refreshing native plugins compatible for Editor in 0.47 ms, found 1 plugins.
Preloading 0 native plugins for Editor in 0.00 ms.
Mono: successfully reloaded assembly
- Completed reload, in  0.999 seconds
Platform modules already initialized, skipping
Shader 'Universal Render Pipeline/Particles/Lit': fallback shader 'Universal Render Pipeline/Particles/SimpleLit' not found
Refreshing native plugins compatible for Editor in 0.48 ms, found 1 plugins.
Preloading 0 native plugins for Editor in 0.00 ms.
Unloading 3001 Unused Serialized files (Serialized files now loaded: 0)
System memory in use before: 135.3 MB.
System memory in use after: 135.4 MB.

Unloading 14 unused Assets to reduce memory usage. Loaded Objects now: 3832.
Total: 2.629900 ms (FindLiveObjects: 0.279000 ms CreateObjectMapping: 0.074700 ms MarkObjects: 2.149900 ms  DeleteObjects: 0.125500 ms)

========================================================================
Received Prepare
Registering precompiled user dll's ...
Registered in 0.001372 seconds.
Begin MonoManager ReloadAssembly
Native extension for WindowsStandalone target not found
Refreshing native plugins compatible for Editor in 0.50 ms, found 1 plugins.
Preloading 0 native plugins for Editor in 0.00 ms.
Mono: successfully reloaded assembly
- Completed reload, in  1.047 seconds
Platform modules already initialized, skipping
Shader 'Universal Render Pipeline/Particles/Lit': fallback shader 'Universal Render Pipeline/Particles/SimpleLit' not found
Refreshing native plugins compatible for Editor in 0.50 ms, found 1 plugins.
Preloading 0 native plugins for Editor in 0.00 ms.
Unloading 3001 Unused Serialized files (Serialized files now loaded: 0)
System memory in use before: 135.3 MB.
System memory in use after: 135.4 MB.

Unloading 14 unused Assets to reduce memory usage. Loaded Objects now: 3836.
Total: 2.816600 ms (FindLiveObjects: 0.301500 ms CreateObjectMapping: 0.078600 ms MarkObjects: 2.300800 ms  DeleteObjects: 0.134400 ms)

========================================================================
Received Import Request.
  Time since last request: 350.720215 seconds.
  path: Assets/Prefab/Nuclee.prefab
  artifactKey: Guid(a48c4fe51cb17544ea82b4c8b7dca0f3) Importer(815301076,1909f56bfc062723c751e8b465ee728b)
Start importing Assets/Prefab/Nuclee.prefab using Guid(a48c4fe51cb17544ea82b4c8b7dca0f3) Importer(815301076,1909f56bfc062723c751e8b465ee728b)  -> (artifact id: '7529646fda172ef270a833b1739b5402') in 0.247130 seconds
  Import took 0.253604 seconds .

========================================================================
Received Prepare
Registering precompiled user dll's ...
Registered in 0.001397 seconds.
Begin MonoManager ReloadAssembly
Native extension for WindowsStandalone target not found
Refreshing native plugins compatible for Editor in 0.48 ms, found 1 plugins.
Preloading 0 native plugins for Editor in 0.00 ms.
Mono: successfully reloaded assembly
- Completed reload, in  0.998 seconds
Platform modules already initialized, skipping
Shader 'Universal Render Pipeline/Particles/Lit': fallback shader 'Universal Render Pipeline/Particles/SimpleLit' not found
Refreshing native plugins compatible for Editor in 0.52 ms, found 1 plugins.
Preloading 0 native plugins for Editor in 0.00 ms.
Unloading 3001 Unused Serialized files (Serialized files now loaded: 0)
System memory in use before: 135.4 MB.
System memory in use after: 135.5 MB.

Unloading 18 unused Assets to reduce memory usage. Loaded Objects now: 3876.
Total: 2.782300 ms (FindLiveObjects: 0.293700 ms CreateObjectMapping: 0.079500 ms MarkObjects: 2.229900 ms  DeleteObjects: 0.178400 ms)

========================================================================
Received Prepare
Registering precompiled user dll's ...
Registered in 0.001546 seconds.
Begin MonoManager ReloadAssembly
Native extension for WindowsStandalone target not found
Refreshing native plugins compatible for Editor in 0.53 ms, found 1 plugins.
Preloading 0 native plugins for Editor in 0.00 ms.
Mono: successfully reloaded assembly
- Completed reload, in  1.105 seconds
Platform modules already initialized, skipping
Shader 'Universal Render Pipeline/Particles/Lit': fallback shader 'Universal Render Pipeline/Particles/SimpleLit' not found
Refreshing native plugins compatible for Editor in 0.56 ms, found 1 plugins.
Preloading 0 native plugins for Editor in 0.00 ms.
Unloading 3001 Unused Serialized files (Serialized files now loaded: 0)
System memory in use before: 135.4 MB.
System memory in use after: 135.5 MB.

Unloading 14 unused Assets to reduce memory usage. Loaded Objects now: 3880.
Total: 3.017900 ms (FindLiveObjects: 0.319100 ms CreateObjectMapping: 0.084600 ms MarkObjects: 2.472500 ms  DeleteObjects: 0.140500 ms)

========================================================================
Received Prepare
Registering precompiled user dll's ...
Registered in 0.001386 seconds.
Begin MonoManager ReloadAssembly
Native extension for WindowsStandalone target not found
Refreshing native plugins compatible for Editor in 0.48 ms, found 1 plugins.
Preloading 0 native plugins for Editor in 0.00 ms.
Mono: successfully reloaded assembly
- Completed reload, in  1.049 seconds
Platform modules already initialized, skipping
Shader 'Universal Render Pipeline/Particles/Lit': fallback shader 'Universal Render Pipeline/Particles/SimpleLit' not found
Refreshing native plugins compatible for Editor in 0.50 ms, found 1 plugins.
Preloading 0 native plugins for Editor in 0.00 ms.
Unloading 3001 Unused Serialized files (Serialized files now loaded: 0)
System memory in use before: 135.4 MB.
System memory in use after: 135.5 MB.

Unloading 14 unused Assets to reduce memory usage. Loaded Objects now: 3884.
Total: 3.233500 ms (FindLiveObjects: 0.301500 ms CreateObjectMapping: 0.077200 ms MarkObjects: 2.696800 ms  DeleteObjects: 0.157300 ms)

========================================================================
Received Prepare
Registering precompiled user dll's ...
Registered in 0.001400 seconds.
Begin MonoManager ReloadAssembly
Native extension for WindowsStandalone target not found
Refreshing native plugins compatible for Editor in 0.52 ms, found 1 plugins.
Preloading 0 native plugins for Editor in 0.00 ms.
Mono: successfully reloaded assembly
- Completed reload, in  1.132 seconds
Platform modules already initialized, skipping
Shader 'Universal Render Pipeline/Particles/Lit': fallback shader 'Universal Render Pipeline/Particles/SimpleLit' not found
Refreshing native plugins compatible for Editor in 0.53 ms, found 1 plugins.
Preloading 0 native plugins for Editor in 0.00 ms.
Unloading 3001 Unused Serialized files (Serialized files now loaded: 0)
System memory in use before: 135.4 MB.
System memory in use after: 135.5 MB.

Unloading 14 unused Assets to reduce memory usage. Loaded Objects now: 3888.
Total: 3.552100 ms (FindLiveObjects: 0.373900 ms CreateObjectMapping: 0.086900 ms MarkObjects: 2.948000 ms  DeleteObjects: 0.141900 ms)

========================================================================
Received Prepare
Registering precompiled user dll's ...
Registered in 0.001431 seconds.
Begin MonoManager ReloadAssembly
Native extension for WindowsStandalone target not found
Refreshing native plugins compatible for Editor in 0.56 ms, found 1 plugins.
Preloading 0 native plugins for Editor in 0.00 ms.
Mono: successfully reloaded assembly
- Completed reload, in  1.160 seconds
Platform modules already initialized, skipping
Shader 'Universal Render Pipeline/Particles/Lit': fallback shader 'Universal Render Pipeline/Particles/SimpleLit' not found
Refreshing native plugins compatible for Editor in 0.54 ms, found 1 plugins.
Preloading 0 native plugins for Editor in 0.00 ms.
Unloading 3001 Unused Serialized files (Serialized files now loaded: 0)
System memory in use before: 135.4 MB.
System memory in use after: 135.5 MB.

Unloading 14 unused Assets to reduce memory usage. Loaded Objects now: 3892.
Total: 3.014900 ms (FindLiveObjects: 0.321600 ms CreateObjectMapping: 0.085200 ms MarkObjects: 2.466400 ms  DeleteObjects: 0.140900 ms)

========================================================================
Received Import Request.
  Time since last request: 4497.102933 seconds.
  path: Assets/Sprites/AtomsShaking.png
  artifactKey: Guid(348c7f1b9b0588741b4ca89e49924ab0) Importer(815301076,1909f56bfc062723c751e8b465ee728b)
Start importing Assets/Sprites/AtomsShaking.png using Guid(348c7f1b9b0588741b4ca89e49924ab0) Importer(815301076,1909f56bfc062723c751e8b465ee728b)  -> (artifact id: '66d5dd27be0b0a59b8043803de95e7ac') in 0.749317 seconds
  Import took 1.179962 seconds .

========================================================================
Received Import Request.
  Time since last request: 10.166520 seconds.
  path: Assets/Sprites/AtomsShaking.png
  artifactKey: Guid(348c7f1b9b0588741b4ca89e49924ab0) Importer(815301076,1909f56bfc062723c751e8b465ee728b)
Start importing Assets/Sprites/AtomsShaking.png using Guid(348c7f1b9b0588741b4ca89e49924ab0) Importer(815301076,1909f56bfc062723c751e8b465ee728b)  -> (artifact id: '19d9b1b62b8c21f43abff22b22be1b02') in 0.018654 seconds
  Import took 0.039710 seconds .

========================================================================
Received Import Request.
  Time since last request: 15.683653 seconds.
  path: Assets/Sprites/AtomsShaking.png
  artifactKey: Guid(348c7f1b9b0588741b4ca89e49924ab0) Importer(815301076,1909f56bfc062723c751e8b465ee728b)
Start importing Assets/Sprites/AtomsShaking.png using Guid(348c7f1b9b0588741b4ca89e49924ab0) Importer(815301076,1909f56bfc062723c751e8b465ee728b)  -> (artifact id: '02f26d2ccfeb471cb06b562487c753bf') in 0.114829 seconds
  Import took 0.121613 seconds .

========================================================================
Received Import Request.
  Time since last request: 32.707908 seconds.
  path: Assets/Sprites/AtomsShaking.png
  artifactKey: Guid(348c7f1b9b0588741b4ca89e49924ab0) Importer(815301076,1909f56bfc062723c751e8b465ee728b)
Start importing Assets/Sprites/AtomsShaking.png using Guid(348c7f1b9b0588741b4ca89e49924ab0) Importer(815301076,1909f56bfc062723c751e8b465ee728b)  -> (artifact id: 'd5e00cfe40c69b352323eb25a920030c') in 0.114115 seconds
  Import took 0.137939 seconds .

========================================================================
Received Import Request.
  Time since last request: 1286.671384 seconds.
  path: Assets
  artifactKey: Guid(00000000000000001000000000000000) Importer(815301076,1909f56bfc062723c751e8b465ee728b)
Start importing Assets using Guid(00000000000000001000000000000000) Importer(815301076,1909f56bfc062723c751e8b465ee728b)  -> (artifact id: '42d402b061de3733987d63b9cc3b64de') in 0.007425 seconds
  Import took 0.013178 seconds .

========================================================================
Received Import Request.
  Time since last request: 5.219133 seconds.
  path: Assets/Animations
  artifactKey: Guid(ab54ce3e85fcfc34995335a4df4b30ac) Importer(815301076,1909f56bfc062723c751e8b465ee728b)
Start importing Assets/Animations using Guid(ab54ce3e85fcfc34995335a4df4b30ac) Importer(815301076,1909f56bfc062723c751e8b465ee728b)  -> (artifact id: '7e7e2cbd35bb984d74cb80504c29483e') in 0.007121 seconds
  Import took 0.023443 seconds .

========================================================================
Received Import Request.
  Time since last request: 15.720776 seconds.
  path: Assets/Animations/NucleeAnimator.controller
  artifactKey: Guid(2511fd908fe50a74f8642ae6788a7628) Importer(815301076,1909f56bfc062723c751e8b465ee728b)
Start importing Assets/Animations/NucleeAnimator.controller using Guid(2511fd908fe50a74f8642ae6788a7628) Importer(815301076,1909f56bfc062723c751e8b465ee728b)  -> (artifact id: '7d633670c2be6023e892639eb97e59cb') in 0.026740 seconds
  Import took 0.047613 seconds .

========================================================================
Received Import Request.
  Time since last request: 148.687743 seconds.
  path: Assets/TextMesh Pro/Fonts/LiberationSans.ttf
  artifactKey: Guid(e3265ab4bf004d28a9537516768c1c75) Importer(815301076,1909f56bfc062723c751e8b465ee728b)
Start importing Assets/TextMesh Pro/Fonts/LiberationSans.ttf using Guid(e3265ab4bf004d28a9537516768c1c75) Importer(815301076,1909f56bfc062723c751e8b465ee728b)  -> (artifact id: 'c02830754a246d7ecc1b26ef5810eaf9') in 1.260698 seconds
  Import took 1.287090 seconds .

========================================================================
Received Import Request.
  Time since last request: 0.000210 seconds.
  path: Assets/TextMesh Pro/Resources/Fonts & Materials/LiberationSans SDF - Outline.mat
  artifactKey: Guid(79459efec17a4d00a321bdcc27bbc385) Importer(815301076,1909f56bfc062723c751e8b465ee728b)
Start importing Assets/TextMesh Pro/Resources/Fonts & Materials/LiberationSans SDF - Outline.mat using Guid(79459efec17a4d00a321bdcc27bbc385) Importer(815301076,1909f56bfc062723c751e8b465ee728b)  -> (artifact id: 'd7663b8b954291667cad9950c356773b') in 0.757878 seconds
  Import took 0.763570 seconds .

========================================================================
Received Import Request.
  Time since last request: 0.000215 seconds.
  path: Assets/TextMesh Pro/Resources/Fonts & Materials/LiberationSans SDF - Fallback.asset
  artifactKey: Guid(2e498d1c8094910479dc3e1b768306a4) Importer(815301076,1909f56bfc062723c751e8b465ee728b)
Start importing Assets/TextMesh Pro/Resources/Fonts & Materials/LiberationSans SDF - Fallback.asset using Guid(2e498d1c8094910479dc3e1b768306a4) Importer(815301076,1909f56bfc062723c751e8b465ee728b)  -> (artifact id: '331a34fab21ef525a2dc9358c5c431cf') in 0.127023 seconds
  Import took 0.166120 seconds .

========================================================================
Received Import Request.
  Time since last request: 0.000165 seconds.
  path: Assets/TextMesh Pro/Fonts/LiberationSans.ttf
  artifactKey: Guid(e3265ab4bf004d28a9537516768c1c75) Importer(815301076,1909f56bfc062723c751e8b465ee728b)
Start importing Assets/TextMesh Pro/Fonts/LiberationSans.ttf using Guid(e3265ab4bf004d28a9537516768c1c75) Importer(815301076,1909f56bfc062723c751e8b465ee728b)  -> (artifact id: 'c02830754a246d7ecc1b26ef5810eaf9') in 0.009907 seconds
  Import took 0.014821 seconds .

========================================================================
Received Import Request.
  Time since last request: 0.000192 seconds.
  path: Assets/TextMesh Pro/Resources/Fonts & Materials/LiberationSans SDF - Drop Shadow.mat
  artifactKey: Guid(e73a58f6e2794ae7b1b7e50b7fb811b0) Importer(815301076,1909f56bfc062723c751e8b465ee728b)
Start importing Assets/TextMesh Pro/Resources/Fonts & Materials/LiberationSans SDF - Drop Shadow.mat using Guid(e73a58f6e2794ae7b1b7e50b7fb811b0) Importer(815301076,1909f56bfc062723c751e8b465ee728b)  -> (artifact id: '6cda4270cc466ed4ab721ff7f5a95a19') in 0.177275 seconds
  Import took 0.182080 seconds .

========================================================================
Received Import Request.
  Time since last request: 0.000209 seconds.
  path: Assets/TextMesh Pro/Resources/Fonts & Materials/LiberationSans SDF.asset
  artifactKey: Guid(8f586378b4e144a9851e7b34d9b748ee) Importer(815301076,1909f56bfc062723c751e8b465ee728b)
Start importing Assets/TextMesh Pro/Resources/Fonts & Materials/LiberationSans SDF.asset using Guid(8f586378b4e144a9851e7b34d9b748ee) Importer(815301076,1909f56bfc062723c751e8b465ee728b)  -> (artifact id: '7730fc8a6eb86350705da19440a189fe') in 0.071526 seconds
  Import took 0.076479 seconds .

========================================================================
Received Import Request.
  Time since last request: 42.501467 seconds.
  path: Assets/Animations/NucleeIdle.anim
  artifactKey: Guid(0d15a3d3decdaee41b7eecb4b825e8dd) Importer(815301076,1909f56bfc062723c751e8b465ee728b)
Start importing Assets/Animations/NucleeIdle.anim using Guid(0d15a3d3decdaee41b7eecb4b825e8dd) Importer(815301076,1909f56bfc062723c751e8b465ee728b)  -> (artifact id: '6d79a24c09215e5ca26cb024572f598c') in 0.031267 seconds
  Import took 0.038752 seconds .

========================================================================
Received Import Request.
  Time since last request: 8537.298278 seconds.
  path: Assets/Scripts/NucleeView.cs
  artifactKey: Guid(d4bbe39c9a3a4584dab4b1ca026e41af) Importer(815301076,1909f56bfc062723c751e8b465ee728b)
Start importing Assets/Scripts/NucleeView.cs using Guid(d4bbe39c9a3a4584dab4b1ca026e41af) Importer(815301076,1909f56bfc062723c751e8b465ee728b)  -> (artifact id: '1bda6f612f2df746a11f0f54270abd29') in 0.056804 seconds
  Import took 0.354132 seconds .

========================================================================
Received Prepare
Registering precompiled user dll's ...
Registered in 0.001808 seconds.
Begin MonoManager ReloadAssembly
Native extension for WindowsStandalone target not found
Refreshing native plugins compatible for Editor in 0.54 ms, found 1 plugins.
Preloading 0 native plugins for Editor in 0.00 ms.
Mono: successfully reloaded assembly
- Completed reload, in  1.886 seconds
Platform modules already initialized, skipping
Shader 'Universal Render Pipeline/Particles/Lit': fallback shader 'Universal Render Pipeline/Particles/SimpleLit' not found
Refreshing native plugins compatible for Editor in 0.52 ms, found 1 plugins.
Preloading 0 native plugins for Editor in 0.00 ms.
Unloading 3002 Unused Serialized files (Serialized files now loaded: 0)
System memory in use before: 136.0 MB.
System memory in use after: 136.1 MB.

Unloading 14 unused Assets to reduce memory usage. Loaded Objects now: 3975.
Total: 3.468900 ms (FindLiveObjects: 0.347300 ms CreateObjectMapping: 0.087800 ms MarkObjects: 2.874900 ms  DeleteObjects: 0.157600 ms)

========================================================================
Received Prepare
Registering precompiled user dll's ...
Registered in 0.001966 seconds.
Begin MonoManager ReloadAssembly
Native extension for WindowsStandalone target not found
Refreshing native plugins compatible for Editor in 0.51 ms, found 1 plugins.
Preloading 0 native plugins for Editor in 0.00 ms.
Mono: successfully reloaded assembly
- Completed reload, in  1.142 seconds
Platform modules already initialized, skipping
Shader 'Universal Render Pipeline/Particles/Lit': fallback shader 'Universal Render Pipeline/Particles/SimpleLit' not found
Refreshing native plugins compatible for Editor in 0.54 ms, found 1 plugins.
Preloading 0 native plugins for Editor in 0.00 ms.
Unloading 3002 Unused Serialized files (Serialized files now loaded: 0)
System memory in use before: 136.0 MB.
System memory in use after: 136.1 MB.

Unloading 14 unused Assets to reduce memory usage. Loaded Objects now: 3979.
Total: 3.024800 ms (FindLiveObjects: 0.325700 ms CreateObjectMapping: 0.084600 ms MarkObjects: 2.475900 ms  DeleteObjects: 0.137600 ms)

========================================================================
Received Import Request.
  Time since last request: 246.662204 seconds.
  path: Assets/Scripts/NucleeView.cs
  artifactKey: Guid(d4bbe39c9a3a4584dab4b1ca026e41af) Importer(815301076,1909f56bfc062723c751e8b465ee728b)
Start importing Assets/Scripts/NucleeView.cs using Guid(d4bbe39c9a3a4584dab4b1ca026e41af) Importer(815301076,1909f56bfc062723c751e8b465ee728b)  -> (artifact id: '91451c49d6735ee08303db3f95883805') in 0.005923 seconds
  Import took 0.024039 seconds .

========================================================================
Received Prepare
Registering precompiled user dll's ...
Registered in 0.001351 seconds.
Begin MonoManager ReloadAssembly
Native extension for WindowsStandalone target not found
Refreshing native plugins compatible for Editor in 0.57 ms, found 1 plugins.
Preloading 0 native plugins for Editor in 0.00 ms.
Mono: successfully reloaded assembly
- Completed reload, in  1.211 seconds
Platform modules already initialized, skipping
Shader 'Universal Render Pipeline/Particles/Lit': fallback shader 'Universal Render Pipeline/Particles/SimpleLit' not found
Refreshing native plugins compatible for Editor in 0.60 ms, found 1 plugins.
Preloading 0 native plugins for Editor in 0.00 ms.
Unloading 3003 Unused Serialized files (Serialized files now loaded: 0)
System memory in use before: 136.0 MB.
System memory in use after: 136.1 MB.

Unloading 14 unused Assets to reduce memory usage. Loaded Objects now: 3984.
Total: 2.814500 ms (FindLiveObjects: 0.314800 ms CreateObjectMapping: 0.080000 ms MarkObjects: 2.287600 ms  DeleteObjects: 0.131000 ms)

========================================================================
Received Import Request.
  Time since last request: 180.526543 seconds.
  path: Assets/NucleeVars
  artifactKey: Guid(df6a7a01d2e9ca84d9672a0651688b94) Importer(815301076,1909f56bfc062723c751e8b465ee728b)
Start importing Assets/NucleeVars using Guid(df6a7a01d2e9ca84d9672a0651688b94) Importer(815301076,1909f56bfc062723c751e8b465ee728b)  -> (artifact id: '30e3dbe3206328f26ce1c77c253e11b8') in 0.023328 seconds
  Import took 0.028171 seconds .

========================================================================
Received Import Request.
  Time since last request: 5.839680 seconds.
  path: Assets/NucleeVars/NucleeVar1.asset
  artifactKey: Guid(f72305b596a97a846885cf19e5055f1e) Importer(815301076,1909f56bfc062723c751e8b465ee728b)
Start importing Assets/NucleeVars/NucleeVar1.asset using Guid(f72305b596a97a846885cf19e5055f1e) Importer(815301076,1909f56bfc062723c751e8b465ee728b)  -> (artifact id: '8d4abfee1bc9d07fae3566400fb4c204') in 0.139688 seconds
  Import took 0.156784 seconds .

========================================================================
Received Import Request.
  Time since last request: 38.356419 seconds.
  path: Assets/NucleeVars/NucleeVar2.asset
  artifactKey: Guid(17a4a207c1baff146912e6bec775ac26) Importer(815301076,1909f56bfc062723c751e8b465ee728b)
Start importing Assets/NucleeVars/NucleeVar2.asset using Guid(17a4a207c1baff146912e6bec775ac26) Importer(815301076,1909f56bfc062723c751e8b465ee728b)  -> (artifact id: 'b16a87dd7ae66512a455690fddf9a388') in 0.022230 seconds
  Import took 0.040316 seconds .

========================================================================
Received Import Request.
  Time since last request: 54.322970 seconds.
  path: Assets/NucleeVars/NucleeVar3.asset
  artifactKey: Guid(d21b7288f51d654418cadb704c393d65) Importer(815301076,1909f56bfc062723c751e8b465ee728b)
Start importing Assets/NucleeVars/NucleeVar3.asset using Guid(d21b7288f51d654418cadb704c393d65) Importer(815301076,1909f56bfc062723c751e8b465ee728b)  -> (artifact id: 'fd20f090db480b60f7fcbb92a1b9aa39') in 0.035396 seconds
  Import took 0.040006 seconds .

========================================================================
Received Import Request.
  Time since last request: 39.259607 seconds.
  path: Assets/NucleeVars/NucleeVar4.asset
  artifactKey: Guid(9e699cb161e35c547a9827aeaf3c7709) Importer(815301076,1909f56bfc062723c751e8b465ee728b)
Start importing Assets/NucleeVars/NucleeVar4.asset using Guid(9e699cb161e35c547a9827aeaf3c7709) Importer(815301076,1909f56bfc062723c751e8b465ee728b)  -> (artifact id: 'd60487bea37036be49fef458298c54bc') in 0.025900 seconds
  Import took 0.040614 seconds .

========================================================================
Received Import Request.
  Time since last request: 14.430121 seconds.
  path: Assets/NucleeVars/NucleeVar4.asset
  artifactKey: Guid(9e699cb161e35c547a9827aeaf3c7709) Importer(815301076,1909f56bfc062723c751e8b465ee728b)
Start importing Assets/NucleeVars/NucleeVar4.asset using Guid(9e699cb161e35c547a9827aeaf3c7709) Importer(815301076,1909f56bfc062723c751e8b465ee728b)  -> (artifact id: '6bfb73a44a3a20be8e6342f4e078a49b') in 0.004169 seconds
  Import took 0.009909 seconds .

========================================================================
Received Import Request.
  Time since last request: 9.368030 seconds.
  path: Assets/NucleeVars/NucleeVar1.asset
  artifactKey: Guid(f72305b596a97a846885cf19e5055f1e) Importer(815301076,1909f56bfc062723c751e8b465ee728b)
Start importing Assets/NucleeVars/NucleeVar1.asset using Guid(f72305b596a97a846885cf19e5055f1e) Importer(815301076,1909f56bfc062723c751e8b465ee728b)  -> (artifact id: 'a69d33af77c0c3a3b0d3393b877fb5ae') in 0.002742 seconds
  Import took 0.007842 seconds .

========================================================================
Received Import Request.
  Time since last request: 0.000185 seconds.
  path: Assets/NucleeVars/NucleeVar2.asset
  artifactKey: Guid(17a4a207c1baff146912e6bec775ac26) Importer(815301076,1909f56bfc062723c751e8b465ee728b)
Start importing Assets/NucleeVars/NucleeVar2.asset using Guid(17a4a207c1baff146912e6bec775ac26) Importer(815301076,1909f56bfc062723c751e8b465ee728b)  -> (artifact id: '09e451429712480540f907989ef1a08a') in 0.002524 seconds
  Import took 0.007207 seconds .

========================================================================
Received Import Request.
  Time since last request: 0.000164 seconds.
  path: Assets/NucleeVars/NucleeVar3.asset
  artifactKey: Guid(d21b7288f51d654418cadb704c393d65) Importer(815301076,1909f56bfc062723c751e8b465ee728b)
Start importing Assets/NucleeVars/NucleeVar3.asset using Guid(d21b7288f51d654418cadb704c393d65) Importer(815301076,1909f56bfc062723c751e8b465ee728b)  -> (artifact id: '78fbfb3850bae8ed2a644ed52e57d641') in 0.003269 seconds
  Import took 0.008119 seconds .

========================================================================
Received Prepare
Registering precompiled user dll's ...
Registered in 0.001455 seconds.
Begin MonoManager ReloadAssembly
Native extension for WindowsStandalone target not found
Refreshing native plugins compatible for Editor in 0.48 ms, found 1 plugins.
Preloading 0 native plugins for Editor in 0.00 ms.
Mono: successfully reloaded assembly
- Completed reload, in  1.082 seconds
Platform modules already initialized, skipping
Shader 'Universal Render Pipeline/Particles/Lit': fallback shader 'Universal Render Pipeline/Particles/SimpleLit' not found
Refreshing native plugins compatible for Editor in 0.54 ms, found 1 plugins.
Preloading 0 native plugins for Editor in 0.00 ms.
Unloading 3003 Unused Serialized files (Serialized files now loaded: 0)
System memory in use before: 136.0 MB.
System memory in use after: 136.1 MB.

Unloading 14 unused Assets to reduce memory usage. Loaded Objects now: 3988.
Total: 3.048500 ms (FindLiveObjects: 0.341300 ms CreateObjectMapping: 0.085300 ms MarkObjects: 2.480100 ms  DeleteObjects: 0.140500 ms)

========================================================================
Received Prepare
Registering precompiled user dll's ...
Registered in 0.001594 seconds.
Begin MonoManager ReloadAssembly
Native extension for WindowsStandalone target not found
Refreshing native plugins compatible for Editor in 0.64 ms, found 1 plugins.
Preloading 0 native plugins for Editor in 0.00 ms.
Mono: successfully reloaded assembly
- Completed reload, in  1.159 seconds
Platform modules already initialized, skipping
Shader 'Universal Render Pipeline/Particles/Lit': fallback shader 'Universal Render Pipeline/Particles/SimpleLit' not found
Refreshing native plugins compatible for Editor in 0.55 ms, found 1 plugins.
Preloading 0 native plugins for Editor in 0.00 ms.
Unloading 3003 Unused Serialized files (Serialized files now loaded: 0)
System memory in use before: 136.0 MB.
System memory in use after: 136.1 MB.

Unloading 14 unused Assets to reduce memory usage. Loaded Objects now: 3992.
Total: 3.030100 ms (FindLiveObjects: 0.343000 ms CreateObjectMapping: 0.086500 ms MarkObjects: 2.460200 ms  DeleteObjects: 0.139000 ms)

========================================================================
Received Prepare
Registering precompiled user dll's ...
Registered in 0.001414 seconds.
Begin MonoManager ReloadAssembly
Native extension for WindowsStandalone target not found
Refreshing native plugins compatible for Editor in 0.52 ms, found 1 plugins.
Preloading 0 native plugins for Editor in 0.00 ms.
Mono: successfully reloaded assembly
- Completed reload, in  1.150 seconds
Platform modules already initialized, skipping
Shader 'Universal Render Pipeline/Particles/Lit': fallback shader 'Universal Render Pipeline/Particles/SimpleLit' not found
Refreshing native plugins compatible for Editor in 0.54 ms, found 1 plugins.
Preloading 0 native plugins for Editor in 0.00 ms.
Unloading 3003 Unused Serialized files (Serialized files now loaded: 0)
System memory in use before: 136.0 MB.
System memory in use after: 136.1 MB.

Unloading 14 unused Assets to reduce memory usage. Loaded Objects now: 3996.
Total: 3.103900 ms (FindLiveObjects: 0.332100 ms CreateObjectMapping: 0.085100 ms MarkObjects: 2.539600 ms  DeleteObjects: 0.145700 ms)

========================================================================
Received Import Request.
  Time since last request: 631.933370 seconds.
  path: Assets/Prefab/Nuclee.prefab
  artifactKey: Guid(a48c4fe51cb17544ea82b4c8b7dca0f3) Importer(815301076,1909f56bfc062723c751e8b465ee728b)
Start importing Assets/Prefab/Nuclee.prefab using Guid(a48c4fe51cb17544ea82b4c8b7dca0f3) Importer(815301076,1909f56bfc062723c751e8b465ee728b)  -> (artifact id: 'a6baa1c8fc46316a37fbaed3794f8157') in 0.342466 seconds
  Import took 0.347935 seconds .

========================================================================
Received Import Request.
  Time since last request: 61.704268 seconds.
  path: Assets/Sprites/Atoms.png
  artifactKey: Guid(79a23b983b6f2db4b9579184b0c4940d) Importer(815301076,1909f56bfc062723c751e8b465ee728b)
Start importing Assets/Sprites/Atoms.png using Guid(79a23b983b6f2db4b9579184b0c4940d) Importer(815301076,1909f56bfc062723c751e8b465ee728b)  -> (artifact id: '7d7781f151b3b2e6c4a5a420879eb74b') in 0.053376 seconds
  Import took 0.058615 seconds .

========================================================================
Received Import Request.
  Time since last request: 0.000204 seconds.
  path: Assets/Sprites/AtomsIdle.png
  artifactKey: Guid(79e6773a8fd7ea144948e3cd3a3c16f0) Importer(815301076,1909f56bfc062723c751e8b465ee728b)
Start importing Assets/Sprites/AtomsIdle.png using Guid(79e6773a8fd7ea144948e3cd3a3c16f0) Importer(815301076,1909f56bfc062723c751e8b465ee728b)  -> (artifact id: 'a4fd4957f6c56342475e5fa7d17808ea') in 0.030874 seconds
  Import took 0.035636 seconds .

========================================================================
Received Import Request.
  Time since last request: 0.000223 seconds.
  path: Assets/Sprites/AtomsExplode.png
  artifactKey: Guid(1fe82b492a4bd4b4daf0ae2175ae3bdd) Importer(815301076,1909f56bfc062723c751e8b465ee728b)
Start importing Assets/Sprites/AtomsExplode.png using Guid(1fe82b492a4bd4b4daf0ae2175ae3bdd) Importer(815301076,1909f56bfc062723c751e8b465ee728b)  -> (artifact id: '0599e7937388e4ef7c27ee3d96047829') in 0.029017 seconds
  Import took 0.034236 seconds .

========================================================================
Received Import Request.
  Time since last request: 0.000183 seconds.
  path: Assets/Sprites/AtomsEating.png
  artifactKey: Guid(65afc872f713bcd419a2f57b2eb73371) Importer(815301076,1909f56bfc062723c751e8b465ee728b)
Start importing Assets/Sprites/AtomsEating.png using Guid(65afc872f713bcd419a2f57b2eb73371) Importer(815301076,1909f56bfc062723c751e8b465ee728b)  -> (artifact id: '8db27e549eafafa56e89d29c7a057424') in 0.022552 seconds
  Import took 0.027212 seconds .

========================================================================
Received Import Request.
  Time since last request: 11.307664 seconds.
  path: Assets/Sprites/AtomsIdle.png
  artifactKey: Guid(79e6773a8fd7ea144948e3cd3a3c16f0) Importer(815301076,1909f56bfc062723c751e8b465ee728b)
Start importing Assets/Sprites/AtomsIdle.png using Guid(79e6773a8fd7ea144948e3cd3a3c16f0) Importer(815301076,1909f56bfc062723c751e8b465ee728b)  -> (artifact id: 'a236ec8ca1efcda15be08dff517481f8') in 0.008586 seconds
  Import took 0.013099 seconds .

========================================================================
Received Import Request.
  Time since last request: 0.012912 seconds.
  path: Assets/Sprites/AtomsIdle.png
  artifactKey: Guid(79e6773a8fd7ea144948e3cd3a3c16f0) Importer(815301076,1909f56bfc062723c751e8b465ee728b)
Start importing Assets/Sprites/AtomsIdle.png using Guid(79e6773a8fd7ea144948e3cd3a3c16f0) Importer(815301076,1909f56bfc062723c751e8b465ee728b)  -> (artifact id: 'a236ec8ca1efcda15be08dff517481f8') in 0.005879 seconds
  Import took 0.010811 seconds .

========================================================================
Received Import Request.
  Time since last request: 15.079607 seconds.
  path: Assets/Sprites/AtomsIdle.png
  artifactKey: Guid(79e6773a8fd7ea144948e3cd3a3c16f0) Importer(815301076,1909f56bfc062723c751e8b465ee728b)
Start importing Assets/Sprites/AtomsIdle.png using Guid(79e6773a8fd7ea144948e3cd3a3c16f0) Importer(815301076,1909f56bfc062723c751e8b465ee728b)  -> (artifact id: '132f684be9fcaac2c8a9a8f61a8c0988') in 0.044263 seconds
  Import took 0.051233 seconds .

========================================================================
Received Import Request.
  Time since last request: 156.030656 seconds.
  path: Assets/Prefab/Nuclee.prefab
  artifactKey: Guid(a48c4fe51cb17544ea82b4c8b7dca0f3) Importer(815301076,1909f56bfc062723c751e8b465ee728b)
Start importing Assets/Prefab/Nuclee.prefab using Guid(a48c4fe51cb17544ea82b4c8b7dca0f3) Importer(815301076,1909f56bfc062723c751e8b465ee728b)  -> (artifact id: '65a67153ba9e2cfc485e386df8f9e6a1') in 0.009438 seconds
  Import took 0.014719 seconds .

========================================================================
Received Import Request.
  Time since last request: 3.359788 seconds.
  path: Assets/Prefab/Particle 1.prefab
  artifactKey: Guid(e038e28346b1cfc4599ef237b7cb11d6) Importer(815301076,1909f56bfc062723c751e8b465ee728b)
Start importing Assets/Prefab/Particle 1.prefab using Guid(e038e28346b1cfc4599ef237b7cb11d6) Importer(815301076,1909f56bfc062723c751e8b465ee728b)  -> (artifact id: '9442d1e62c1c3e61a3df43e0958519dd') in 0.012426 seconds
  Import took 0.017285 seconds .

========================================================================
Received Import Request.
  Time since last request: 0.012629 seconds.
  path: Assets/Prefab/Particle 1.prefab
  artifactKey: Guid(e038e28346b1cfc4599ef237b7cb11d6) Importer(815301076,1909f56bfc062723c751e8b465ee728b)
Start importing Assets/Prefab/Particle 1.prefab using Guid(e038e28346b1cfc4599ef237b7cb11d6) Importer(815301076,1909f56bfc062723c751e8b465ee728b)  -> (artifact id: '9442d1e62c1c3e61a3df43e0958519dd') in 0.046511 seconds
  Import took 0.051308 seconds .

========================================================================
Received Import Request.
  Time since last request: 0.534781 seconds.
  path: Assets/Prefab/Particle 2.prefab
  artifactKey: Guid(dc62c8a0302bbd640a2d611e65c10887) Importer(815301076,1909f56bfc062723c751e8b465ee728b)
Start importing Assets/Prefab/Particle 2.prefab using Guid(dc62c8a0302bbd640a2d611e65c10887) Importer(815301076,1909f56bfc062723c751e8b465ee728b)  -> (artifact id: '6832cd969d2b40f57ecf14d36f344956') in 0.023880 seconds
  Import took 0.028490 seconds .

========================================================================
Received Import Request.
  Time since last request: 1.359636 seconds.
  path: Assets/Prefab/Particle 3.prefab
  artifactKey: Guid(bc6be8f1bb7d05b4da9f793bf4eef88b) Importer(815301076,1909f56bfc062723c751e8b465ee728b)
Start importing Assets/Prefab/Particle 3.prefab using Guid(bc6be8f1bb7d05b4da9f793bf4eef88b) Importer(815301076,1909f56bfc062723c751e8b465ee728b)  -> (artifact id: '76d9c9f1e912716b55a6e6633a6009c5') in 0.021291 seconds
  Import took 0.026745 seconds .

========================================================================
Received Import Request.
  Time since last request: 0.006190 seconds.
  path: Assets/Prefab/Particle 3.prefab
  artifactKey: Guid(bc6be8f1bb7d05b4da9f793bf4eef88b) Importer(815301076,1909f56bfc062723c751e8b465ee728b)
Start importing Assets/Prefab/Particle 3.prefab using Guid(bc6be8f1bb7d05b4da9f793bf4eef88b) Importer(815301076,1909f56bfc062723c751e8b465ee728b)  -> (artifact id: '76d9c9f1e912716b55a6e6633a6009c5') in 0.007540 seconds
  Import took 0.012617 seconds .

========================================================================
Received Import Request.
  Time since last request: 4.397410 seconds.
  path: Assets/Prefab/Particle
  artifactKey: Guid(9599e7de316afaf49be8d53f14bcca3b) Importer(815301076,1909f56bfc062723c751e8b465ee728b)
Start importing Assets/Prefab/Particle using Guid(9599e7de316afaf49be8d53f14bcca3b) Importer(815301076,1909f56bfc062723c751e8b465ee728b)  -> (artifact id: '995e288bf128a3f8b1b8a13cde778b0d') in 0.006674 seconds
  Import took 0.011522 seconds .

========================================================================
Received Import Request.
  Time since last request: 5.018989 seconds.
  path: Assets/Prefab/Particle/Particle 1.prefab
  artifactKey: Guid(e038e28346b1cfc4599ef237b7cb11d6) Importer(815301076,1909f56bfc062723c751e8b465ee728b)
Start importing Assets/Prefab/Particle/Particle 1.prefab using Guid(e038e28346b1cfc4599ef237b7cb11d6) Importer(815301076,1909f56bfc062723c751e8b465ee728b)  -> (artifact id: '57b10ac4b0dd4fb3079bde003479b51a') in 0.008967 seconds
  Import took 0.016761 seconds .

========================================================================
Received Import Request.
  Time since last request: 0.000412 seconds.
  path: Assets/Prefab/Particle/Particle 3.prefab
  artifactKey: Guid(bc6be8f1bb7d05b4da9f793bf4eef88b) Importer(815301076,1909f56bfc062723c751e8b465ee728b)
Start importing Assets/Prefab/Particle/Particle 3.prefab using Guid(bc6be8f1bb7d05b4da9f793bf4eef88b) Importer(815301076,1909f56bfc062723c751e8b465ee728b)  -> (artifact id: '405ecc2f0636ce74c33921ef4f0811e8') in 0.007875 seconds
  Import took 0.012223 seconds .

========================================================================
Received Import Request.
  Time since last request: 0.000238 seconds.
  path: Assets/Prefab/Particle/Particle 2.prefab
  artifactKey: Guid(dc62c8a0302bbd640a2d611e65c10887) Importer(815301076,1909f56bfc062723c751e8b465ee728b)
Start importing Assets/Prefab/Particle/Particle 2.prefab using Guid(dc62c8a0302bbd640a2d611e65c10887) Importer(815301076,1909f56bfc062723c751e8b465ee728b)  -> (artifact id: '6c81fbb556281fb4bb275d25508c5aab') in 0.007478 seconds
  Import took 0.012144 seconds .

========================================================================
Received Import Request.
  Time since last request: 15.155514 seconds.
  path: Assets/Prefab/Particle/Particle 1.prefab
  artifactKey: Guid(e038e28346b1cfc4599ef237b7cb11d6) Importer(815301076,1909f56bfc062723c751e8b465ee728b)
Start importing Assets/Prefab/Particle/Particle 1.prefab using Guid(e038e28346b1cfc4599ef237b7cb11d6) Importer(815301076,1909f56bfc062723c751e8b465ee728b)  -> (artifact id: 'c3431a0ec85ce3af53c0a0d2f2fba15a') in 0.017334 seconds
  Import took 0.024343 seconds .

========================================================================
Received Import Request.
  Time since last request: 6.900856 seconds.
  path: Assets/Prefab/Particle/Particle 2.prefab
  artifactKey: Guid(dc62c8a0302bbd640a2d611e65c10887) Importer(815301076,1909f56bfc062723c751e8b465ee728b)
Start importing Assets/Prefab/Particle/Particle 2.prefab using Guid(dc62c8a0302bbd640a2d611e65c10887) Importer(815301076,1909f56bfc062723c751e8b465ee728b)  -> (artifact id: '58dd2e225f3b543b27d31718eb68dd5d') in 0.038972 seconds
  Import took 0.043830 seconds .

========================================================================
Received Import Request.
  Time since last request: 9.142000 seconds.
  path: Assets/Prefab/Particle/Particle 3.prefab
  artifactKey: Guid(bc6be8f1bb7d05b4da9f793bf4eef88b) Importer(815301076,1909f56bfc062723c751e8b465ee728b)
Start importing Assets/Prefab/Particle/Particle 3.prefab using Guid(bc6be8f1bb7d05b4da9f793bf4eef88b) Importer(815301076,1909f56bfc062723c751e8b465ee728b)  -> (artifact id: '0ac5a5b0b164f000d654331d7d9032bc') in 0.032989 seconds
  Import took 0.038470 seconds .

========================================================================
Received Import Request.
  Time since last request: 5.457500 seconds.
  path: Assets/Prefab/Particle/Particle.prefab
  artifactKey: Guid(874c8936062a15c41946365caec717b5) Importer(815301076,1909f56bfc062723c751e8b465ee728b)
Start importing Assets/Prefab/Particle/Particle.prefab using Guid(874c8936062a15c41946365caec717b5) Importer(815301076,1909f56bfc062723c751e8b465ee728b)  -> (artifact id: '11a3432e386cdfcd5077502ca7f81b7f') in 0.019435 seconds
  Import took 0.028329 seconds .

========================================================================
Received Prepare
Registering precompiled user dll's ...
Registered in 0.001397 seconds.
Begin MonoManager ReloadAssembly
Native extension for WindowsStandalone target not found
Refreshing native plugins compatible for Editor in 0.58 ms, found 1 plugins.
Preloading 0 native plugins for Editor in 0.00 ms.
Mono: successfully reloaded assembly
- Completed reload, in  1.067 seconds
Platform modules already initialized, skipping
Shader 'Universal Render Pipeline/Particles/Lit': fallback shader 'Universal Render Pipeline/Particles/SimpleLit' not found
Refreshing native plugins compatible for Editor in 0.60 ms, found 1 plugins.
Preloading 0 native plugins for Editor in 0.00 ms.
Unloading 3003 Unused Serialized files (Serialized files now loaded: 0)
System memory in use before: 136.2 MB.
System memory in use after: 136.3 MB.

Unloading 18 unused Assets to reduce memory usage. Loaded Objects now: 4037.
Total: 3.712100 ms (FindLiveObjects: 0.375900 ms CreateObjectMapping: 0.104300 ms MarkObjects: 3.017500 ms  DeleteObjects: 0.213000 ms)

========================================================================
Received Import Request.
  Time since last request: 59.213628 seconds.
  path: Assets/Prefab/Nuclee.prefab
  artifactKey: Guid(a48c4fe51cb17544ea82b4c8b7dca0f3) Importer(815301076,1909f56bfc062723c751e8b465ee728b)
Start importing Assets/Prefab/Nuclee.prefab using Guid(a48c4fe51cb17544ea82b4c8b7dca0f3) Importer(815301076,1909f56bfc062723c751e8b465ee728b)  -> (artifact id: '71200654b2a4b2fb35669fa46718fb87') in 0.202054 seconds
  Import took 0.208363 seconds .

========================================================================
Received Prepare
Registering precompiled user dll's ...
Registered in 0.001415 seconds.
Begin MonoManager ReloadAssembly
Native extension for WindowsStandalone target not found
Refreshing native plugins compatible for Editor in 0.48 ms, found 1 plugins.
Preloading 0 native plugins for Editor in 0.00 ms.
Mono: successfully reloaded assembly
- Completed reload, in  1.060 seconds
Platform modules already initialized, skipping
Shader 'Universal Render Pipeline/Particles/Lit': fallback shader 'Universal Render Pipeline/Particles/SimpleLit' not found
Refreshing native plugins compatible for Editor in 0.54 ms, found 1 plugins.
Preloading 0 native plugins for Editor in 0.00 ms.
Unloading 3003 Unused Serialized files (Serialized files now loaded: 0)
System memory in use before: 136.4 MB.
System memory in use after: 136.4 MB.

Unloading 16 unused Assets to reduce memory usage. Loaded Objects now: 4077.
Total: 3.434200 ms (FindLiveObjects: 0.351800 ms CreateObjectMapping: 0.085300 ms MarkObjects: 2.810900 ms  DeleteObjects: 0.184700 ms)

========================================================================
Received Prepare
Registering precompiled user dll's ...
Registered in 0.001381 seconds.
Begin MonoManager ReloadAssembly
Native extension for WindowsStandalone target not found
Refreshing native plugins compatible for Editor in 0.51 ms, found 1 plugins.
Preloading 0 native plugins for Editor in 0.00 ms.
Mono: successfully reloaded assembly
- Completed reload, in  1.107 seconds
Platform modules already initialized, skipping
Shader 'Universal Render Pipeline/Particles/Lit': fallback shader 'Universal Render Pipeline/Particles/SimpleLit' not found
Refreshing native plugins compatible for Editor in 0.54 ms, found 1 plugins.
Preloading 0 native plugins for Editor in 0.00 ms.
Unloading 3003 Unused Serialized files (Serialized files now loaded: 0)
System memory in use before: 136.4 MB.
System memory in use after: 136.5 MB.

Unloading 14 unused Assets to reduce memory usage. Loaded Objects now: 4081.
Total: 3.376600 ms (FindLiveObjects: 0.341100 ms CreateObjectMapping: 0.094700 ms MarkObjects: 2.797100 ms  DeleteObjects: 0.142200 ms)

========================================================================
Received Prepare
Registering precompiled user dll's ...
Registered in 0.001410 seconds.
Begin MonoManager ReloadAssembly
Native extension for WindowsStandalone target not found
Refreshing native plugins compatible for Editor in 0.55 ms, found 1 plugins.
Preloading 0 native plugins for Editor in 0.00 ms.
Mono: successfully reloaded assembly
- Completed reload, in  1.091 seconds
Platform modules already initialized, skipping
Shader 'Universal Render Pipeline/Particles/Lit': fallback shader 'Universal Render Pipeline/Particles/SimpleLit' not found
Refreshing native plugins compatible for Editor in 0.54 ms, found 1 plugins.
Preloading 0 native plugins for Editor in 0.00 ms.
Unloading 3003 Unused Serialized files (Serialized files now loaded: 0)
System memory in use before: 136.4 MB.
System memory in use after: 136.5 MB.

Unloading 14 unused Assets to reduce memory usage. Loaded Objects now: 4085.
Total: 3.317700 ms (FindLiveObjects: 0.350100 ms CreateObjectMapping: 0.102800 ms MarkObjects: 2.725500 ms  DeleteObjects: 0.137900 ms)

========================================================================
Received Import Request.
  Time since last request: 202.257662 seconds.
  path: Assets/Prefab/Nuclee.prefab
  artifactKey: Guid(a48c4fe51cb17544ea82b4c8b7dca0f3) Importer(815301076,1909f56bfc062723c751e8b465ee728b)
Start importing Assets/Prefab/Nuclee.prefab using Guid(a48c4fe51cb17544ea82b4c8b7dca0f3) Importer(815301076,1909f56bfc062723c751e8b465ee728b)  -> (artifact id: '1cdba4ca9786716c48e625f2666928b9') in 0.181201 seconds
  Import took 0.186495 seconds .

========================================================================
Received Import Request.
  Time since last request: 6.513669 seconds.
  path: Assets/Prefab/Nuclee.prefab
  artifactKey: Guid(a48c4fe51cb17544ea82b4c8b7dca0f3) Importer(815301076,1909f56bfc062723c751e8b465ee728b)
Start importing Assets/Prefab/Nuclee.prefab using Guid(a48c4fe51cb17544ea82b4c8b7dca0f3) Importer(815301076,1909f56bfc062723c751e8b465ee728b)  -> (artifact id: '179a9c0213031bdf3480ceb49237c92f') in 0.009895 seconds
  Import took 0.014724 seconds .

========================================================================
Received Prepare
Registering precompiled user dll's ...
Registered in 0.001413 seconds.
Begin MonoManager ReloadAssembly
Native extension for WindowsStandalone target not found
Refreshing native plugins compatible for Editor in 0.61 ms, found 1 plugins.
Preloading 0 native plugins for Editor in 0.00 ms.
Mono: successfully reloaded assembly
- Completed reload, in  1.082 seconds
Platform modules already initialized, skipping
Shader 'Universal Render Pipeline/Particles/Lit': fallback shader 'Universal Render Pipeline/Particles/SimpleLit' not found
Refreshing native plugins compatible for Editor in 0.63 ms, found 1 plugins.
Preloading 0 native plugins for Editor in 0.00 ms.
Unloading 3003 Unused Serialized files (Serialized files now loaded: 0)
System memory in use before: 136.5 MB.
System memory in use after: 136.6 MB.

Unloading 16 unused Assets to reduce memory usage. Loaded Objects now: 4125.
Total: 2.998500 ms (FindLiveObjects: 0.390800 ms CreateObjectMapping: 0.081800 ms MarkObjects: 2.359900 ms  DeleteObjects: 0.165300 ms)

========================================================================
Received Prepare
Registering precompiled user dll's ...
Registered in 0.001370 seconds.
Begin MonoManager ReloadAssembly
Native extension for WindowsStandalone target not found
Refreshing native plugins compatible for Editor in 0.59 ms, found 1 plugins.
Preloading 0 native plugins for Editor in 0.00 ms.
Mono: successfully reloaded assembly
- Completed reload, in  1.127 seconds
Platform modules already initialized, skipping
Shader 'Universal Render Pipeline/Particles/Lit': fallback shader 'Universal Render Pipeline/Particles/SimpleLit' not found
Refreshing native plugins compatible for Editor in 0.55 ms, found 1 plugins.
Preloading 0 native plugins for Editor in 0.00 ms.
Unloading 3003 Unused Serialized files (Serialized files now loaded: 0)
System memory in use before: 136.5 MB.
System memory in use after: 136.6 MB.

Unloading 14 unused Assets to reduce memory usage. Loaded Objects now: 4129.
Total: 3.226500 ms (FindLiveObjects: 0.354800 ms CreateObjectMapping: 0.085700 ms MarkObjects: 2.642600 ms  DeleteObjects: 0.142100 ms)

========================================================================
Received Prepare
Registering precompiled user dll's ...
Registered in 0.001645 seconds.
Begin MonoManager ReloadAssembly
Native extension for WindowsStandalone target not found
Refreshing native plugins compatible for Editor in 0.60 ms, found 1 plugins.
Preloading 0 native plugins for Editor in 0.00 ms.
Mono: successfully reloaded assembly
- Completed reload, in  1.235 seconds
Platform modules already initialized, skipping
Shader 'Universal Render Pipeline/Particles/Lit': fallback shader 'Universal Render Pipeline/Particles/SimpleLit' not found
Refreshing native plugins compatible for Editor in 0.59 ms, found 1 plugins.
Preloading 0 native plugins for Editor in 0.00 ms.
Unloading 3003 Unused Serialized files (Serialized files now loaded: 0)
System memory in use before: 136.5 MB.
System memory in use after: 136.6 MB.

Unloading 14 unused Assets to reduce memory usage. Loaded Objects now: 4133.
Total: 3.714600 ms (FindLiveObjects: 0.515500 ms CreateObjectMapping: 0.116600 ms MarkObjects: 2.941000 ms  DeleteObjects: 0.139300 ms)

========================================================================
Received Import Request.
  Time since last request: 117.808061 seconds.
  path: Assets/Prefab/Nuclee.prefab
  artifactKey: Guid(a48c4fe51cb17544ea82b4c8b7dca0f3) Importer(815301076,1909f56bfc062723c751e8b465ee728b)
Start importing Assets/Prefab/Nuclee.prefab using Guid(a48c4fe51cb17544ea82b4c8b7dca0f3) Importer(815301076,1909f56bfc062723c751e8b465ee728b)  -> (artifact id: 'b4e619626086bd0cadd576b2efaf3196') in 0.200364 seconds
  Import took 0.206115 seconds .

========================================================================
Received Import Request.
  Time since last request: 0.000185 seconds.
  path: Assets/Prefab/Nuclee.prefab
  artifactKey: Guid(a48c4fe51cb17544ea82b4c8b7dca0f3) Importer(815301076,1909f56bfc062723c751e8b465ee728b)
Start importing Assets/Prefab/Nuclee.prefab using Guid(a48c4fe51cb17544ea82b4c8b7dca0f3) Importer(815301076,1909f56bfc062723c751e8b465ee728b)  -> (artifact id: 'b4e619626086bd0cadd576b2efaf3196') in 0.009918 seconds
  Import took 0.015430 seconds .

========================================================================
Received Prepare
Registering precompiled user dll's ...
Registered in 0.001434 seconds.
Begin MonoManager ReloadAssembly
Native extension for WindowsStandalone target not found
Refreshing native plugins compatible for Editor in 0.56 ms, found 1 plugins.
Preloading 0 native plugins for Editor in 0.00 ms.
Mono: successfully reloaded assembly
- Completed reload, in  1.206 seconds
Platform modules already initialized, skipping
Shader 'Universal Render Pipeline/Particles/Lit': fallback shader 'Universal Render Pipeline/Particles/SimpleLit' not found
Refreshing native plugins compatible for Editor in 0.56 ms, found 1 plugins.
Preloading 0 native plugins for Editor in 0.00 ms.
Unloading 3003 Unused Serialized files (Serialized files now loaded: 0)
System memory in use before: 136.6 MB.
System memory in use after: 136.7 MB.

Unloading 16 unused Assets to reduce memory usage. Loaded Objects now: 4173.
Total: 3.589600 ms (FindLiveObjects: 0.385200 ms CreateObjectMapping: 0.107300 ms MarkObjects: 2.921700 ms  DeleteObjects: 0.173900 ms)

AssetImportWorkerClient::OnTransportError - code=2 error=End of file
