Using pre-set license
Built from '2020.3/staging' branch; Version is '2020.3.8f1 (507919d4fff5) revision 5273881'; Using compiler version '192528614'; Build Type 'Release'
OS: 'Windows 10 Pro; OS build 19042.1237; Version 2009; 64bit' Language: 'ru' Physical Memory: 16334 MB
BatchMode: 1, IsHumanControllingUs: 0, StartBugReporterOnCrash: 0, Is64bit: 1, IsPro: 0

 COMMAND LINE ARGUMENTS:
C:\Program Files\Unity\Hub\Editor\2020.3.8f1\Editor\Unity.exe
-adb2
-batchMode
-noUpm
-name
AssetImportWorker1
-projectPath
E:/GitHub/LD49Proj/Ludum Dare 49 project
-logFile
Logs/AssetImportWorker1.log
-srvPort
12931
Successfully changed project path to: E:/GitHub/LD49Proj/Ludum Dare 49 project
E:/GitHub/LD49Proj/Ludum Dare 49 project
Using Asset Import Pipeline V2.
Refreshing native plugins compatible for Editor in 57.63 ms, found 1 plugins.
Preloading 0 native plugins for Editor in 0.00 ms.
Initialize engine version: 2020.3.8f1 (507919d4fff5)
[Subsystems] Discovering subsystems at path C:/Program Files/Unity/Hub/Editor/2020.3.8f1/Editor/Data/Resources/UnitySubsystems
[Subsystems] Discovering subsystems at path E:/GitHub/LD49Proj/Ludum Dare 49 project/Assets
GfxDevice: creating device client; threaded=0
Direct3D:
    Version:  Direct3D 11.0 [level 11.1]
    Renderer: NVIDIA GeForce GTX 1070 (ID=0x1b81)
    Vendor:   
    VRAM:     8088 MB
    Driver:   27.21.14.6677
Shader 'Universal Render Pipeline/Particles/Lit': fallback shader 'Universal Render Pipeline/Particles/SimpleLit' not found
Initialize mono
Mono path[0] = 'C:/Program Files/Unity/Hub/Editor/2020.3.8f1/Editor/Data/Managed'
Mono path[1] = 'C:/Program Files/Unity/Hub/Editor/2020.3.8f1/Editor/Data/MonoBleedingEdge/lib/mono/unityjit'
Mono config path = 'C:/Program Files/Unity/Hub/Editor/2020.3.8f1/Editor/Data/MonoBleedingEdge/etc'
Using monoOptions --debugger-agent=transport=dt_socket,embedding=1,server=y,suspend=n,address=127.0.0.1:56208
Begin MonoManager ReloadAssembly
Registering precompiled unity dll's ...
Register platform support module: C:/Program Files/Unity/Hub/Editor/2020.3.8f1/Editor/Data/PlaybackEngines/WindowsStandaloneSupport/UnityEditor.WindowsStandalone.Extensions.dll
Registered in 0.002412 seconds.
Native extension for WindowsStandalone target not found
Refreshing native plugins compatible for Editor in 61.02 ms, found 1 plugins.
Preloading 0 native plugins for Editor in 0.00 ms.
Mono: successfully reloaded assembly
- Completed reload, in  1.576 seconds
Platform modules already initialized, skipping
Registering precompiled user dll's ...
Registered in 0.001159 seconds.
Begin MonoManager ReloadAssembly
Native extension for WindowsStandalone target not found
Refreshing native plugins compatible for Editor in 57.20 ms, found 1 plugins.
Preloading 0 native plugins for Editor in 0.00 ms.
Mono: successfully reloaded assembly
- Completed reload, in  1.187 seconds
Platform modules already initialized, skipping
========================================================================
Worker process is ready to serve import requests
Shader 'Universal Render Pipeline/Particles/Lit': fallback shader 'Universal Render Pipeline/Particles/SimpleLit' not found
Launched and connected shader compiler UnityShaderCompiler.exe after 0.09 seconds
Refreshing native plugins compatible for Editor in 0.52 ms, found 1 plugins.
Preloading 0 native plugins for Editor in 0.00 ms.
Unloading 3107 Unused Serialized files (Serialized files now loaded: 0)
System memory in use before: 135.6 MB.
System memory in use after: 135.6 MB.

Unloading 26 unused Assets to reduce memory usage. Loaded Objects now: 3548.
Total: 2.742300 ms (FindLiveObjects: 0.290100 ms CreateObjectMapping: 0.103000 ms MarkObjects: 2.196000 ms  DeleteObjects: 0.151900 ms)

========================================================================
Received Import Request.
  path: Assets/Prefab/Nuclee.prefab
  artifactKey: Guid(a48c4fe51cb17544ea82b4c8b7dca0f3) Importer(815301076,1909f56bfc062723c751e8b465ee728b)
Start importing Assets/Prefab/Nuclee.prefab using Guid(a48c4fe51cb17544ea82b4c8b7dca0f3) Importer(815301076,1909f56bfc062723c751e8b465ee728b)  -> (artifact id: '1b8d7b8681133ecad6f2963bc915ae58') in 0.229331 seconds
  Import took 0.237127 seconds .

========================================================================
Received Import Request.
  Time since last request: 0.037654 seconds.
  path: Assets/Prefab/Nuclee.prefab
  artifactKey: Guid(a48c4fe51cb17544ea82b4c8b7dca0f3) Importer(815301076,1909f56bfc062723c751e8b465ee728b)
Start importing Assets/Prefab/Nuclee.prefab using Guid(a48c4fe51cb17544ea82b4c8b7dca0f3) Importer(815301076,1909f56bfc062723c751e8b465ee728b)  -> (artifact id: '1b8d7b8681133ecad6f2963bc915ae58') in 0.014350 seconds
  Import took 0.019437 seconds .

========================================================================
Received Prepare
Registering precompiled user dll's ...
Registered in 0.001350 seconds.
Begin MonoManager ReloadAssembly
Native extension for WindowsStandalone target not found
Refreshing native plugins compatible for Editor in 0.56 ms, found 1 plugins.
Preloading 0 native plugins for Editor in 0.00 ms.
Mono: successfully reloaded assembly
- Completed reload, in  1.127 seconds
Platform modules already initialized, skipping
Shader 'Universal Render Pipeline/Particles/Lit': fallback shader 'Universal Render Pipeline/Particles/SimpleLit' not found
Refreshing native plugins compatible for Editor in 0.53 ms, found 1 plugins.
Preloading 0 native plugins for Editor in 0.00 ms.
Unloading 2996 Unused Serialized files (Serialized files now loaded: 0)
System memory in use before: 133.7 MB.
System memory in use after: 133.8 MB.

Unloading 18 unused Assets to reduce memory usage. Loaded Objects now: 3597.
Total: 2.750200 ms (FindLiveObjects: 0.289700 ms CreateObjectMapping: 0.088600 ms MarkObjects: 2.204900 ms  DeleteObjects: 0.166000 ms)

========================================================================
Received Prepare
Registering precompiled user dll's ...
Registered in 0.001396 seconds.
Begin MonoManager ReloadAssembly
Native extension for WindowsStandalone target not found
Refreshing native plugins compatible for Editor in 0.53 ms, found 1 plugins.
Preloading 0 native plugins for Editor in 0.00 ms.
Mono: successfully reloaded assembly
- Completed reload, in  1.134 seconds
Platform modules already initialized, skipping
Shader 'Universal Render Pipeline/Particles/Lit': fallback shader 'Universal Render Pipeline/Particles/SimpleLit' not found
Refreshing native plugins compatible for Editor in 0.55 ms, found 1 plugins.
Preloading 0 native plugins for Editor in 0.00 ms.
Unloading 2996 Unused Serialized files (Serialized files now loaded: 0)
System memory in use before: 133.8 MB.
System memory in use after: 133.8 MB.

Unloading 14 unused Assets to reduce memory usage. Loaded Objects now: 3601.
Total: 2.717100 ms (FindLiveObjects: 0.311400 ms CreateObjectMapping: 0.103700 ms MarkObjects: 2.180900 ms  DeleteObjects: 0.119800 ms)

========================================================================
Received Prepare
Registering precompiled user dll's ...
Registered in 0.001518 seconds.
Begin MonoManager ReloadAssembly
Native extension for WindowsStandalone target not found
Refreshing native plugins compatible for Editor in 0.51 ms, found 1 plugins.
Preloading 0 native plugins for Editor in 0.00 ms.
Mono: successfully reloaded assembly
- Completed reload, in  1.079 seconds
Platform modules already initialized, skipping
Shader 'Universal Render Pipeline/Particles/Lit': fallback shader 'Universal Render Pipeline/Particles/SimpleLit' not found
Refreshing native plugins compatible for Editor in 0.51 ms, found 1 plugins.
Preloading 0 native plugins for Editor in 0.00 ms.
Unloading 2996 Unused Serialized files (Serialized files now loaded: 0)
System memory in use before: 133.8 MB.
System memory in use after: 133.9 MB.

Unloading 14 unused Assets to reduce memory usage. Loaded Objects now: 3605.
Total: 3.379400 ms (FindLiveObjects: 0.316000 ms CreateObjectMapping: 0.110300 ms MarkObjects: 2.808600 ms  DeleteObjects: 0.143200 ms)

========================================================================
Received Prepare
Registering precompiled user dll's ...
Registered in 0.001440 seconds.
Begin MonoManager ReloadAssembly
Native extension for WindowsStandalone target not found
Refreshing native plugins compatible for Editor in 0.57 ms, found 1 plugins.
Preloading 0 native plugins for Editor in 0.00 ms.
Mono: successfully reloaded assembly
- Completed reload, in  1.108 seconds
Platform modules already initialized, skipping
Script error: OnTriggerEnter2D
This message parameter has to be of type: Collider2D
The message will be ignored.

Shader 'Universal Render Pipeline/Particles/Lit': fallback shader 'Universal Render Pipeline/Particles/SimpleLit' not found
Refreshing native plugins compatible for Editor in 0.52 ms, found 1 plugins.
Preloading 0 native plugins for Editor in 0.00 ms.
Unloading 2996 Unused Serialized files (Serialized files now loaded: 0)
System memory in use before: 133.9 MB.
System memory in use after: 134.0 MB.

Unloading 14 unused Assets to reduce memory usage. Loaded Objects now: 3609.
Total: 2.671200 ms (FindLiveObjects: 0.284400 ms CreateObjectMapping: 0.099200 ms MarkObjects: 2.164300 ms  DeleteObjects: 0.122100 ms)

========================================================================
Received Prepare
Registering precompiled user dll's ...
Registered in 0.001348 seconds.
Begin MonoManager ReloadAssembly
Native extension for WindowsStandalone target not found
Refreshing native plugins compatible for Editor in 0.50 ms, found 1 plugins.
Preloading 0 native plugins for Editor in 0.00 ms.
Mono: successfully reloaded assembly
- Completed reload, in  1.127 seconds
Platform modules already initialized, skipping
Shader 'Universal Render Pipeline/Particles/Lit': fallback shader 'Universal Render Pipeline/Particles/SimpleLit' not found
Refreshing native plugins compatible for Editor in 0.51 ms, found 1 plugins.
Preloading 0 native plugins for Editor in 0.00 ms.
Unloading 2996 Unused Serialized files (Serialized files now loaded: 0)
System memory in use before: 133.9 MB.
System memory in use after: 134.0 MB.

Unloading 14 unused Assets to reduce memory usage. Loaded Objects now: 3613.
Total: 3.341300 ms (FindLiveObjects: 0.312100 ms CreateObjectMapping: 0.106100 ms MarkObjects: 2.762900 ms  DeleteObjects: 0.158900 ms)

========================================================================
Received Prepare
Registering precompiled user dll's ...
Registered in 0.001376 seconds.
Begin MonoManager ReloadAssembly
Native extension for WindowsStandalone target not found
Refreshing native plugins compatible for Editor in 0.51 ms, found 1 plugins.
Preloading 0 native plugins for Editor in 0.00 ms.
Mono: successfully reloaded assembly
- Completed reload, in  1.103 seconds
Platform modules already initialized, skipping
Shader 'Universal Render Pipeline/Particles/Lit': fallback shader 'Universal Render Pipeline/Particles/SimpleLit' not found
Refreshing native plugins compatible for Editor in 0.51 ms, found 1 plugins.
Preloading 0 native plugins for Editor in 0.00 ms.
Unloading 2996 Unused Serialized files (Serialized files now loaded: 0)
System memory in use before: 134.0 MB.
System memory in use after: 134.0 MB.

Unloading 14 unused Assets to reduce memory usage. Loaded Objects now: 3617.
Total: 2.457700 ms (FindLiveObjects: 0.269400 ms CreateObjectMapping: 0.077200 ms MarkObjects: 1.994400 ms  DeleteObjects: 0.115500 ms)

========================================================================
Received Prepare
Registering precompiled user dll's ...
Registered in 0.001364 seconds.
Begin MonoManager ReloadAssembly
Native extension for WindowsStandalone target not found
Refreshing native plugins compatible for Editor in 0.54 ms, found 1 plugins.
Preloading 0 native plugins for Editor in 0.00 ms.
Mono: successfully reloaded assembly
- Completed reload, in  1.073 seconds
Platform modules already initialized, skipping
Shader 'Universal Render Pipeline/Particles/Lit': fallback shader 'Universal Render Pipeline/Particles/SimpleLit' not found
Refreshing native plugins compatible for Editor in 0.52 ms, found 1 plugins.
Preloading 0 native plugins for Editor in 0.00 ms.
Unloading 2996 Unused Serialized files (Serialized files now loaded: 0)
System memory in use before: 134.0 MB.
System memory in use after: 134.1 MB.

Unloading 14 unused Assets to reduce memory usage. Loaded Objects now: 3621.
Total: 2.472200 ms (FindLiveObjects: 0.268900 ms CreateObjectMapping: 0.087000 ms MarkObjects: 2.000700 ms  DeleteObjects: 0.114500 ms)

========================================================================
Received Prepare
Registering precompiled user dll's ...
Registered in 0.001460 seconds.
Begin MonoManager ReloadAssembly
Native extension for WindowsStandalone target not found
Refreshing native plugins compatible for Editor in 0.53 ms, found 1 plugins.
Preloading 0 native plugins for Editor in 0.00 ms.
Mono: successfully reloaded assembly
- Completed reload, in  1.122 seconds
Platform modules already initialized, skipping
Shader 'Universal Render Pipeline/Particles/Lit': fallback shader 'Universal Render Pipeline/Particles/SimpleLit' not found
Refreshing native plugins compatible for Editor in 0.54 ms, found 1 plugins.
Preloading 0 native plugins for Editor in 0.00 ms.
Unloading 2996 Unused Serialized files (Serialized files now loaded: 0)
System memory in use before: 134.0 MB.
System memory in use after: 134.1 MB.

Unloading 14 unused Assets to reduce memory usage. Loaded Objects now: 3625.
Total: 2.796600 ms (FindLiveObjects: 0.294700 ms CreateObjectMapping: 0.099500 ms MarkObjects: 2.263000 ms  DeleteObjects: 0.138000 ms)

========================================================================
Received Prepare
Registering precompiled user dll's ...
Registered in 0.001423 seconds.
Begin MonoManager ReloadAssembly
Native extension for WindowsStandalone target not found
Refreshing native plugins compatible for Editor in 0.52 ms, found 1 plugins.
Preloading 0 native plugins for Editor in 0.00 ms.
Mono: successfully reloaded assembly
- Completed reload, in  1.088 seconds
Platform modules already initialized, skipping
Shader 'Universal Render Pipeline/Particles/Lit': fallback shader 'Universal Render Pipeline/Particles/SimpleLit' not found
Refreshing native plugins compatible for Editor in 0.95 ms, found 1 plugins.
Preloading 0 native plugins for Editor in 0.00 ms.
Unloading 2996 Unused Serialized files (Serialized files now loaded: 0)
System memory in use before: 134.0 MB.
System memory in use after: 134.1 MB.

Unloading 14 unused Assets to reduce memory usage. Loaded Objects now: 3629.
Total: 3.379900 ms (FindLiveObjects: 0.340200 ms CreateObjectMapping: 0.102800 ms MarkObjects: 2.794600 ms  DeleteObjects: 0.141000 ms)

========================================================================
Received Prepare
Registering precompiled user dll's ...
Registered in 0.001429 seconds.
Begin MonoManager ReloadAssembly
Native extension for WindowsStandalone target not found
Refreshing native plugins compatible for Editor in 0.49 ms, found 1 plugins.
Preloading 0 native plugins for Editor in 0.00 ms.
Mono: successfully reloaded assembly
- Completed reload, in  1.096 seconds
Platform modules already initialized, skipping
Shader 'Universal Render Pipeline/Particles/Lit': fallback shader 'Universal Render Pipeline/Particles/SimpleLit' not found
Refreshing native plugins compatible for Editor in 0.63 ms, found 1 plugins.
Preloading 0 native plugins for Editor in 0.00 ms.
Unloading 2996 Unused Serialized files (Serialized files now loaded: 0)
System memory in use before: 134.0 MB.
System memory in use after: 134.1 MB.

Unloading 14 unused Assets to reduce memory usage. Loaded Objects now: 3633.
Total: 2.735900 ms (FindLiveObjects: 0.287900 ms CreateObjectMapping: 0.089200 ms MarkObjects: 2.234000 ms  DeleteObjects: 0.123800 ms)

========================================================================
Received Prepare
Registering precompiled user dll's ...
Registered in 0.001339 seconds.
Begin MonoManager ReloadAssembly
Native extension for WindowsStandalone target not found
Refreshing native plugins compatible for Editor in 0.54 ms, found 1 plugins.
Preloading 0 native plugins for Editor in 0.00 ms.
Mono: successfully reloaded assembly
- Completed reload, in  1.062 seconds
Platform modules already initialized, skipping
Shader 'Universal Render Pipeline/Particles/Lit': fallback shader 'Universal Render Pipeline/Particles/SimpleLit' not found
Refreshing native plugins compatible for Editor in 0.53 ms, found 1 plugins.
Preloading 0 native plugins for Editor in 0.00 ms.
Unloading 2996 Unused Serialized files (Serialized files now loaded: 0)
System memory in use before: 134.0 MB.
System memory in use after: 134.1 MB.

Unloading 14 unused Assets to reduce memory usage. Loaded Objects now: 3637.
Total: 2.919500 ms (FindLiveObjects: 0.276000 ms CreateObjectMapping: 0.086400 ms MarkObjects: 2.416700 ms  DeleteObjects: 0.139000 ms)

========================================================================
Received Prepare
Registering precompiled user dll's ...
Registered in 0.001399 seconds.
Begin MonoManager ReloadAssembly
Native extension for WindowsStandalone target not found
Refreshing native plugins compatible for Editor in 0.49 ms, found 1 plugins.
Preloading 0 native plugins for Editor in 0.00 ms.
Mono: successfully reloaded assembly
- Completed reload, in  1.041 seconds
Platform modules already initialized, skipping
Shader 'Universal Render Pipeline/Particles/Lit': fallback shader 'Universal Render Pipeline/Particles/SimpleLit' not found
Refreshing native plugins compatible for Editor in 0.50 ms, found 1 plugins.
Preloading 0 native plugins for Editor in 0.00 ms.
Unloading 2996 Unused Serialized files (Serialized files now loaded: 0)
System memory in use before: 134.0 MB.
System memory in use after: 134.1 MB.

Unloading 14 unused Assets to reduce memory usage. Loaded Objects now: 3641.
Total: 2.524500 ms (FindLiveObjects: 0.274800 ms CreateObjectMapping: 0.084200 ms MarkObjects: 2.048500 ms  DeleteObjects: 0.115900 ms)

========================================================================
Received Prepare
Registering precompiled user dll's ...
Registered in 0.001470 seconds.
Begin MonoManager ReloadAssembly
Native extension for WindowsStandalone target not found
Refreshing native plugins compatible for Editor in 0.55 ms, found 1 plugins.
Preloading 0 native plugins for Editor in 0.00 ms.
Mono: successfully reloaded assembly
- Completed reload, in  1.038 seconds
Platform modules already initialized, skipping
Shader 'Universal Render Pipeline/Particles/Lit': fallback shader 'Universal Render Pipeline/Particles/SimpleLit' not found
Refreshing native plugins compatible for Editor in 0.52 ms, found 1 plugins.
Preloading 0 native plugins for Editor in 0.00 ms.
Unloading 2996 Unused Serialized files (Serialized files now loaded: 0)
System memory in use before: 134.0 MB.
System memory in use after: 134.1 MB.

Unloading 14 unused Assets to reduce memory usage. Loaded Objects now: 3645.
Total: 2.581600 ms (FindLiveObjects: 0.277200 ms CreateObjectMapping: 0.086700 ms MarkObjects: 2.102400 ms  DeleteObjects: 0.114300 ms)

========================================================================
Received Prepare
Registering precompiled user dll's ...
Registered in 0.001359 seconds.
Begin MonoManager ReloadAssembly
Native extension for WindowsStandalone target not found
Refreshing native plugins compatible for Editor in 0.47 ms, found 1 plugins.
Preloading 0 native plugins for Editor in 0.00 ms.
Mono: successfully reloaded assembly
- Completed reload, in  1.024 seconds
Platform modules already initialized, skipping
Shader 'Universal Render Pipeline/Particles/Lit': fallback shader 'Universal Render Pipeline/Particles/SimpleLit' not found
Refreshing native plugins compatible for Editor in 0.52 ms, found 1 plugins.
Preloading 0 native plugins for Editor in 0.00 ms.
Unloading 2996 Unused Serialized files (Serialized files now loaded: 0)
System memory in use before: 134.0 MB.
System memory in use after: 134.1 MB.

Unloading 14 unused Assets to reduce memory usage. Loaded Objects now: 3649.
Total: 2.606600 ms (FindLiveObjects: 0.280000 ms CreateObjectMapping: 0.083900 ms MarkObjects: 2.122000 ms  DeleteObjects: 0.119400 ms)

========================================================================
Received Prepare
Registering precompiled user dll's ...
Registered in 0.001367 seconds.
Begin MonoManager ReloadAssembly
Native extension for WindowsStandalone target not found
Refreshing native plugins compatible for Editor in 0.48 ms, found 1 plugins.
Preloading 0 native plugins for Editor in 0.00 ms.
Mono: successfully reloaded assembly
- Completed reload, in  1.076 seconds
Platform modules already initialized, skipping
Shader 'Universal Render Pipeline/Particles/Lit': fallback shader 'Universal Render Pipeline/Particles/SimpleLit' not found
Refreshing native plugins compatible for Editor in 0.57 ms, found 1 plugins.
Preloading 0 native plugins for Editor in 0.00 ms.
Unloading 2996 Unused Serialized files (Serialized files now loaded: 0)
System memory in use before: 134.0 MB.
System memory in use after: 134.1 MB.

Unloading 14 unused Assets to reduce memory usage. Loaded Objects now: 3653.
Total: 2.699300 ms (FindLiveObjects: 0.295500 ms CreateObjectMapping: 0.085200 ms MarkObjects: 2.192400 ms  DeleteObjects: 0.125400 ms)

========================================================================
Received Prepare
Registering precompiled user dll's ...
Registered in 0.001428 seconds.
Begin MonoManager ReloadAssembly
Native extension for WindowsStandalone target not found
Refreshing native plugins compatible for Editor in 0.51 ms, found 1 plugins.
Preloading 0 native plugins for Editor in 0.00 ms.
Mono: successfully reloaded assembly
- Completed reload, in  1.094 seconds
Platform modules already initialized, skipping
Shader 'Universal Render Pipeline/Particles/Lit': fallback shader 'Universal Render Pipeline/Particles/SimpleLit' not found
Refreshing native plugins compatible for Editor in 0.53 ms, found 1 plugins.
Preloading 0 native plugins for Editor in 0.00 ms.
Unloading 2996 Unused Serialized files (Serialized files now loaded: 0)
System memory in use before: 134.0 MB.
System memory in use after: 134.1 MB.

Unloading 14 unused Assets to reduce memory usage. Loaded Objects now: 3657.
Total: 2.623700 ms (FindLiveObjects: 0.287900 ms CreateObjectMapping: 0.083300 ms MarkObjects: 2.132900 ms  DeleteObjects: 0.118500 ms)

========================================================================
Received Import Request.
  Time since last request: 356.005030 seconds.
  path: Assets/Prefab/Particle.prefab
  artifactKey: Guid(874c8936062a15c41946365caec717b5) Importer(815301076,1909f56bfc062723c751e8b465ee728b)
Start importing Assets/Prefab/Particle.prefab using Guid(874c8936062a15c41946365caec717b5) Importer(815301076,1909f56bfc062723c751e8b465ee728b)  -> (artifact id: 'faf7b9a3b2ed6fe6d7aa2230fab48fe3') in 0.230791 seconds
  Import took 0.235871 seconds .

========================================================================
Received Import Request.
  Time since last request: 0.000446 seconds.
  path: Assets/Prefab/Particle.prefab
  artifactKey: Guid(874c8936062a15c41946365caec717b5) Importer(815301076,1909f56bfc062723c751e8b465ee728b)
Start importing Assets/Prefab/Particle.prefab using Guid(874c8936062a15c41946365caec717b5) Importer(815301076,1909f56bfc062723c751e8b465ee728b)  -> (artifact id: 'faf7b9a3b2ed6fe6d7aa2230fab48fe3') in 0.008768 seconds
  Import took 0.013617 seconds .

========================================================================
Received Import Request.
  Time since last request: 4.620915 seconds.
  path: Assets/Prefab/Particle.prefab
  artifactKey: Guid(874c8936062a15c41946365caec717b5) Importer(815301076,1909f56bfc062723c751e8b465ee728b)
Start importing Assets/Prefab/Particle.prefab using Guid(874c8936062a15c41946365caec717b5) Importer(815301076,1909f56bfc062723c751e8b465ee728b)  -> (artifact id: '8ce5af370ae1b7b7009f95e8143c4c86') in 0.008443 seconds
  Import took 0.013535 seconds .

========================================================================
Received Prepare
Registering precompiled user dll's ...
Registered in 0.001430 seconds.
Begin MonoManager ReloadAssembly
Native extension for WindowsStandalone target not found
Refreshing native plugins compatible for Editor in 0.50 ms, found 1 plugins.
Preloading 0 native plugins for Editor in 0.00 ms.
Mono: successfully reloaded assembly
- Completed reload, in  1.107 seconds
Platform modules already initialized, skipping
Shader 'Universal Render Pipeline/Particles/Lit': fallback shader 'Universal Render Pipeline/Particles/SimpleLit' not found
Refreshing native plugins compatible for Editor in 0.68 ms, found 1 plugins.
Preloading 0 native plugins for Editor in 0.00 ms.
Unloading 2996 Unused Serialized files (Serialized files now loaded: 0)
System memory in use before: 134.2 MB.
System memory in use after: 134.2 MB.

Unloading 16 unused Assets to reduce memory usage. Loaded Objects now: 3697.
Total: 3.661000 ms (FindLiveObjects: 0.340100 ms CreateObjectMapping: 0.110500 ms MarkObjects: 3.004200 ms  DeleteObjects: 0.204600 ms)

========================================================================
Received Prepare
Registering precompiled user dll's ...
Registered in 0.001411 seconds.
Begin MonoManager ReloadAssembly
Native extension for WindowsStandalone target not found
Refreshing native plugins compatible for Editor in 0.86 ms, found 1 plugins.
Preloading 0 native plugins for Editor in 0.00 ms.
Mono: successfully reloaded assembly
- Completed reload, in  1.132 seconds
Platform modules already initialized, skipping
Shader 'Universal Render Pipeline/Particles/Lit': fallback shader 'Universal Render Pipeline/Particles/SimpleLit' not found
Refreshing native plugins compatible for Editor in 0.65 ms, found 1 plugins.
Preloading 0 native plugins for Editor in 0.00 ms.
Unloading 2996 Unused Serialized files (Serialized files now loaded: 0)
System memory in use before: 134.2 MB.
System memory in use after: 134.3 MB.

Unloading 14 unused Assets to reduce memory usage. Loaded Objects now: 3701.
Total: 3.478700 ms (FindLiveObjects: 0.373300 ms CreateObjectMapping: 0.097400 ms MarkObjects: 2.846800 ms  DeleteObjects: 0.159600 ms)

========================================================================
Received Prepare
Registering precompiled user dll's ...
Registered in 0.001343 seconds.
Begin MonoManager ReloadAssembly
Native extension for WindowsStandalone target not found
Refreshing native plugins compatible for Editor in 0.48 ms, found 1 plugins.
Preloading 0 native plugins for Editor in 0.00 ms.
Mono: successfully reloaded assembly
- Completed reload, in  1.073 seconds
Platform modules already initialized, skipping
Shader 'Universal Render Pipeline/Particles/Lit': fallback shader 'Universal Render Pipeline/Particles/SimpleLit' not found
Refreshing native plugins compatible for Editor in 0.50 ms, found 1 plugins.
Preloading 0 native plugins for Editor in 0.00 ms.
Unloading 2996 Unused Serialized files (Serialized files now loaded: 0)
System memory in use before: 134.2 MB.
System memory in use after: 134.3 MB.

Unloading 14 unused Assets to reduce memory usage. Loaded Objects now: 3705.
Total: 2.632400 ms (FindLiveObjects: 0.278300 ms CreateObjectMapping: 0.077600 ms MarkObjects: 2.158500 ms  DeleteObjects: 0.116600 ms)

========================================================================
Received Prepare
Registering precompiled user dll's ...
Registered in 0.001385 seconds.
Begin MonoManager ReloadAssembly
Native extension for WindowsStandalone target not found
Refreshing native plugins compatible for Editor in 0.51 ms, found 1 plugins.
Preloading 0 native plugins for Editor in 0.00 ms.
Mono: successfully reloaded assembly
- Completed reload, in  1.119 seconds
Platform modules already initialized, skipping
Shader 'Universal Render Pipeline/Particles/Lit': fallback shader 'Universal Render Pipeline/Particles/SimpleLit' not found
Refreshing native plugins compatible for Editor in 0.52 ms, found 1 plugins.
Preloading 0 native plugins for Editor in 0.00 ms.
Unloading 2996 Unused Serialized files (Serialized files now loaded: 0)
System memory in use before: 134.2 MB.
System memory in use after: 134.3 MB.

Unloading 14 unused Assets to reduce memory usage. Loaded Objects now: 3709.
Total: 2.989500 ms (FindLiveObjects: 0.300500 ms CreateObjectMapping: 0.089900 ms MarkObjects: 2.467000 ms  DeleteObjects: 0.130400 ms)

========================================================================
Received Prepare
Registering precompiled user dll's ...
Registered in 0.001407 seconds.
Begin MonoManager ReloadAssembly
Native extension for WindowsStandalone target not found
Refreshing native plugins compatible for Editor in 0.54 ms, found 1 plugins.
Preloading 0 native plugins for Editor in 0.00 ms.
Mono: successfully reloaded assembly
- Completed reload, in  0.997 seconds
Platform modules already initialized, skipping
Shader 'Universal Render Pipeline/Particles/Lit': fallback shader 'Universal Render Pipeline/Particles/SimpleLit' not found
Refreshing native plugins compatible for Editor in 0.52 ms, found 1 plugins.
Preloading 0 native plugins for Editor in 0.00 ms.
Unloading 2996 Unused Serialized files (Serialized files now loaded: 0)
System memory in use before: 134.2 MB.
System memory in use after: 134.3 MB.

Unloading 14 unused Assets to reduce memory usage. Loaded Objects now: 3713.
Total: 2.840900 ms (FindLiveObjects: 0.294600 ms CreateObjectMapping: 0.097200 ms MarkObjects: 2.320000 ms  DeleteObjects: 0.127700 ms)

========================================================================
Received Import Request.
  Time since last request: 1064.482966 seconds.
  path: Assets/Scripts/ReactionController.cs
  artifactKey: Guid(37810720371e55042b3c56476b198f3e) Importer(815301076,1909f56bfc062723c751e8b465ee728b)
Start importing Assets/Scripts/ReactionController.cs using Guid(37810720371e55042b3c56476b198f3e) Importer(815301076,1909f56bfc062723c751e8b465ee728b)  -> (artifact id: '60a65102fb7d18cf3ead3ba0bc8a1942') in 0.014556 seconds
  Import took 0.019429 seconds .

========================================================================
Received Import Request.
  Time since last request: 0.001337 seconds.
  path: Assets/Scripts/ReactionController.cs
  artifactKey: Guid(37810720371e55042b3c56476b198f3e) Importer(815301076,1909f56bfc062723c751e8b465ee728b)
Start importing Assets/Scripts/ReactionController.cs using Guid(37810720371e55042b3c56476b198f3e) Importer(815301076,1909f56bfc062723c751e8b465ee728b)  -> (artifact id: '60a65102fb7d18cf3ead3ba0bc8a1942') in 0.002371 seconds
  Import took 0.006946 seconds .

========================================================================
Received Prepare
Registering precompiled user dll's ...
Registered in 0.001393 seconds.
Begin MonoManager ReloadAssembly
Native extension for WindowsStandalone target not found
Refreshing native plugins compatible for Editor in 0.51 ms, found 1 plugins.
Preloading 0 native plugins for Editor in 0.00 ms.
Mono: successfully reloaded assembly
- Completed reload, in  1.122 seconds
Platform modules already initialized, skipping
Shader 'Universal Render Pipeline/Particles/Lit': fallback shader 'Universal Render Pipeline/Particles/SimpleLit' not found
Refreshing native plugins compatible for Editor in 0.51 ms, found 1 plugins.
Preloading 0 native plugins for Editor in 0.00 ms.
Unloading 2997 Unused Serialized files (Serialized files now loaded: 0)
System memory in use before: 134.2 MB.
System memory in use after: 134.3 MB.

Unloading 14 unused Assets to reduce memory usage. Loaded Objects now: 3718.
Total: 2.635400 ms (FindLiveObjects: 0.284900 ms CreateObjectMapping: 0.086600 ms MarkObjects: 2.145400 ms  DeleteObjects: 0.117300 ms)

========================================================================
Received Prepare
Registering precompiled user dll's ...
Registered in 0.001309 seconds.
Begin MonoManager ReloadAssembly
Native extension for WindowsStandalone target not found
Refreshing native plugins compatible for Editor in 0.50 ms, found 1 plugins.
Preloading 0 native plugins for Editor in 0.00 ms.
Mono: successfully reloaded assembly
- Completed reload, in  1.011 seconds
Platform modules already initialized, skipping
Shader 'Universal Render Pipeline/Particles/Lit': fallback shader 'Universal Render Pipeline/Particles/SimpleLit' not found
Refreshing native plugins compatible for Editor in 0.56 ms, found 1 plugins.
Preloading 0 native plugins for Editor in 0.00 ms.
Unloading 2997 Unused Serialized files (Serialized files now loaded: 0)
System memory in use before: 134.2 MB.
System memory in use after: 134.3 MB.

Unloading 14 unused Assets to reduce memory usage. Loaded Objects now: 3722.
Total: 2.897000 ms (FindLiveObjects: 0.310800 ms CreateObjectMapping: 0.094800 ms MarkObjects: 2.362200 ms  DeleteObjects: 0.127900 ms)

========================================================================
Received Prepare
Registering precompiled user dll's ...
Registered in 0.001406 seconds.
Begin MonoManager ReloadAssembly
Native extension for WindowsStandalone target not found
Refreshing native plugins compatible for Editor in 0.54 ms, found 1 plugins.
Preloading 0 native plugins for Editor in 0.00 ms.
Mono: successfully reloaded assembly
- Completed reload, in  1.009 seconds
Platform modules already initialized, skipping
Shader 'Universal Render Pipeline/Particles/Lit': fallback shader 'Universal Render Pipeline/Particles/SimpleLit' not found
Refreshing native plugins compatible for Editor in 0.51 ms, found 1 plugins.
Preloading 0 native plugins for Editor in 0.00 ms.
Unloading 2997 Unused Serialized files (Serialized files now loaded: 0)
System memory in use before: 134.3 MB.
System memory in use after: 134.3 MB.

Unloading 14 unused Assets to reduce memory usage. Loaded Objects now: 3726.
Total: 2.664500 ms (FindLiveObjects: 0.296700 ms CreateObjectMapping: 0.087900 ms MarkObjects: 2.158100 ms  DeleteObjects: 0.120600 ms)

========================================================================
Received Prepare
Registering precompiled user dll's ...
Registered in 0.001581 seconds.
Begin MonoManager ReloadAssembly
Native extension for WindowsStandalone target not found
Refreshing native plugins compatible for Editor in 0.53 ms, found 1 plugins.
Preloading 0 native plugins for Editor in 0.00 ms.
Mono: successfully reloaded assembly
- Completed reload, in  1.065 seconds
Platform modules already initialized, skipping
Shader 'Universal Render Pipeline/Particles/Lit': fallback shader 'Universal Render Pipeline/Particles/SimpleLit' not found
Refreshing native plugins compatible for Editor in 0.70 ms, found 1 plugins.
Preloading 0 native plugins for Editor in 0.00 ms.
Unloading 2997 Unused Serialized files (Serialized files now loaded: 0)
System memory in use before: 134.3 MB.
System memory in use after: 134.4 MB.

Unloading 14 unused Assets to reduce memory usage. Loaded Objects now: 3730.
Total: 3.232200 ms (FindLiveObjects: 0.385500 ms CreateObjectMapping: 0.094000 ms MarkObjects: 2.616100 ms  DeleteObjects: 0.135400 ms)

========================================================================
Received Prepare
Registering precompiled user dll's ...
Registered in 0.001424 seconds.
Begin MonoManager ReloadAssembly
Native extension for WindowsStandalone target not found
Refreshing native plugins compatible for Editor in 0.53 ms, found 1 plugins.
Preloading 0 native plugins for Editor in 0.00 ms.
Mono: successfully reloaded assembly
- Completed reload, in  1.011 seconds
Platform modules already initialized, skipping
Shader 'Universal Render Pipeline/Particles/Lit': fallback shader 'Universal Render Pipeline/Particles/SimpleLit' not found
Refreshing native plugins compatible for Editor in 0.53 ms, found 1 plugins.
Preloading 0 native plugins for Editor in 0.00 ms.
Unloading 2997 Unused Serialized files (Serialized files now loaded: 0)
System memory in use before: 134.3 MB.
System memory in use after: 134.4 MB.

Unloading 14 unused Assets to reduce memory usage. Loaded Objects now: 3734.
Total: 3.030000 ms (FindLiveObjects: 0.304200 ms CreateObjectMapping: 0.110200 ms MarkObjects: 2.480500 ms  DeleteObjects: 0.133700 ms)

========================================================================
Received Prepare
Registering precompiled user dll's ...
Registered in 0.001503 seconds.
Begin MonoManager ReloadAssembly
Native extension for WindowsStandalone target not found
Refreshing native plugins compatible for Editor in 0.52 ms, found 1 plugins.
Preloading 0 native plugins for Editor in 0.00 ms.
Mono: successfully reloaded assembly
- Completed reload, in  1.130 seconds
Platform modules already initialized, skipping
Shader 'Universal Render Pipeline/Particles/Lit': fallback shader 'Universal Render Pipeline/Particles/SimpleLit' not found
Refreshing native plugins compatible for Editor in 0.54 ms, found 1 plugins.
Preloading 0 native plugins for Editor in 0.00 ms.
Unloading 2997 Unused Serialized files (Serialized files now loaded: 0)
System memory in use before: 134.3 MB.
System memory in use after: 134.4 MB.

Unloading 14 unused Assets to reduce memory usage. Loaded Objects now: 3738.
Total: 2.768400 ms (FindLiveObjects: 0.322800 ms CreateObjectMapping: 0.088300 ms MarkObjects: 2.232000 ms  DeleteObjects: 0.124300 ms)

========================================================================
Received Prepare
Registering precompiled user dll's ...
Registered in 0.001457 seconds.
Begin MonoManager ReloadAssembly
Native extension for WindowsStandalone target not found
Refreshing native plugins compatible for Editor in 0.56 ms, found 1 plugins.
Preloading 0 native plugins for Editor in 0.00 ms.
Mono: successfully reloaded assembly
- Completed reload, in  1.067 seconds
Platform modules already initialized, skipping
Shader 'Universal Render Pipeline/Particles/Lit': fallback shader 'Universal Render Pipeline/Particles/SimpleLit' not found
Refreshing native plugins compatible for Editor in 0.51 ms, found 1 plugins.
Preloading 0 native plugins for Editor in 0.00 ms.
Unloading 2997 Unused Serialized files (Serialized files now loaded: 0)
System memory in use before: 134.3 MB.
System memory in use after: 134.4 MB.

Unloading 14 unused Assets to reduce memory usage. Loaded Objects now: 3742.
Total: 2.668600 ms (FindLiveObjects: 0.285900 ms CreateObjectMapping: 0.090200 ms MarkObjects: 2.170200 ms  DeleteObjects: 0.121300 ms)

========================================================================
Received Prepare
Registering precompiled user dll's ...
Registered in 0.001341 seconds.
Begin MonoManager ReloadAssembly
Native extension for WindowsStandalone target not found
Refreshing native plugins compatible for Editor in 0.49 ms, found 1 plugins.
Preloading 0 native plugins for Editor in 0.00 ms.
Mono: successfully reloaded assembly
- Completed reload, in  1.019 seconds
Platform modules already initialized, skipping
Shader 'Universal Render Pipeline/Particles/Lit': fallback shader 'Universal Render Pipeline/Particles/SimpleLit' not found
Refreshing native plugins compatible for Editor in 0.51 ms, found 1 plugins.
Preloading 0 native plugins for Editor in 0.00 ms.
Unloading 2997 Unused Serialized files (Serialized files now loaded: 0)
System memory in use before: 134.3 MB.
System memory in use after: 134.4 MB.

Unloading 14 unused Assets to reduce memory usage. Loaded Objects now: 3746.
Total: 3.282400 ms (FindLiveObjects: 0.291300 ms CreateObjectMapping: 0.114500 ms MarkObjects: 2.712800 ms  DeleteObjects: 0.162000 ms)

========================================================================
Received Prepare
Registering precompiled user dll's ...
Registered in 0.001487 seconds.
Begin MonoManager ReloadAssembly
Native extension for WindowsStandalone target not found
Refreshing native plugins compatible for Editor in 0.48 ms, found 1 plugins.
Preloading 0 native plugins for Editor in 0.00 ms.
Mono: successfully reloaded assembly
- Completed reload, in  1.016 seconds
Platform modules already initialized, skipping
Shader 'Universal Render Pipeline/Particles/Lit': fallback shader 'Universal Render Pipeline/Particles/SimpleLit' not found
Refreshing native plugins compatible for Editor in 0.52 ms, found 1 plugins.
Preloading 0 native plugins for Editor in 0.00 ms.
Unloading 2997 Unused Serialized files (Serialized files now loaded: 0)
System memory in use before: 134.3 MB.
System memory in use after: 134.4 MB.

Unloading 14 unused Assets to reduce memory usage. Loaded Objects now: 3750.
Total: 3.639800 ms (FindLiveObjects: 0.322400 ms CreateObjectMapping: 0.116400 ms MarkObjects: 3.030500 ms  DeleteObjects: 0.169000 ms)

========================================================================
Received Prepare
Registering precompiled user dll's ...
Registered in 0.001379 seconds.
Begin MonoManager ReloadAssembly
Native extension for WindowsStandalone target not found
Refreshing native plugins compatible for Editor in 0.51 ms, found 1 plugins.
Preloading 0 native plugins for Editor in 0.00 ms.
Mono: successfully reloaded assembly
- Completed reload, in  1.070 seconds
Platform modules already initialized, skipping
Shader 'Universal Render Pipeline/Particles/Lit': fallback shader 'Universal Render Pipeline/Particles/SimpleLit' not found
Refreshing native plugins compatible for Editor in 0.62 ms, found 1 plugins.
Preloading 0 native plugins for Editor in 0.00 ms.
Unloading 2997 Unused Serialized files (Serialized files now loaded: 0)
System memory in use before: 134.3 MB.
System memory in use after: 134.4 MB.

Unloading 14 unused Assets to reduce memory usage. Loaded Objects now: 3754.
Total: 4.975800 ms (FindLiveObjects: 0.401700 ms CreateObjectMapping: 0.137700 ms MarkObjects: 4.242000 ms  DeleteObjects: 0.192500 ms)

========================================================================
Received Prepare
Registering precompiled user dll's ...
Registered in 0.001316 seconds.
Begin MonoManager ReloadAssembly
Native extension for WindowsStandalone target not found
Refreshing native plugins compatible for Editor in 0.54 ms, found 1 plugins.
Preloading 0 native plugins for Editor in 0.00 ms.
Mono: successfully reloaded assembly
- Completed reload, in  1.099 seconds
Platform modules already initialized, skipping
Shader 'Universal Render Pipeline/Particles/Lit': fallback shader 'Universal Render Pipeline/Particles/SimpleLit' not found
Refreshing native plugins compatible for Editor in 0.53 ms, found 1 plugins.
Preloading 0 native plugins for Editor in 0.00 ms.
Unloading 2997 Unused Serialized files (Serialized files now loaded: 0)
System memory in use before: 134.3 MB.
System memory in use after: 134.4 MB.

Unloading 14 unused Assets to reduce memory usage. Loaded Objects now: 3758.
Total: 2.827600 ms (FindLiveObjects: 0.293000 ms CreateObjectMapping: 0.085500 ms MarkObjects: 2.320800 ms  DeleteObjects: 0.127200 ms)

========================================================================
Received Prepare
Registering precompiled user dll's ...
Registered in 0.001420 seconds.
Begin MonoManager ReloadAssembly
Native extension for WindowsStandalone target not found
Refreshing native plugins compatible for Editor in 0.55 ms, found 1 plugins.
Preloading 0 native plugins for Editor in 0.00 ms.
Mono: successfully reloaded assembly
- Completed reload, in  1.027 seconds
Platform modules already initialized, skipping
Shader 'Universal Render Pipeline/Particles/Lit': fallback shader 'Universal Render Pipeline/Particles/SimpleLit' not found
Refreshing native plugins compatible for Editor in 0.52 ms, found 1 plugins.
Preloading 0 native plugins for Editor in 0.00 ms.
Unloading 2997 Unused Serialized files (Serialized files now loaded: 0)
System memory in use before: 134.3 MB.
System memory in use after: 134.4 MB.

Unloading 14 unused Assets to reduce memory usage. Loaded Objects now: 3762.
Total: 2.596300 ms (FindLiveObjects: 0.286100 ms CreateObjectMapping: 0.082900 ms MarkObjects: 2.104600 ms  DeleteObjects: 0.121700 ms)

========================================================================
Received Prepare
Registering precompiled user dll's ...
Registered in 0.001298 seconds.
Begin MonoManager ReloadAssembly
Native extension for WindowsStandalone target not found
Refreshing native plugins compatible for Editor in 0.54 ms, found 1 plugins.
Preloading 0 native plugins for Editor in 0.00 ms.
Mono: successfully reloaded assembly
- Completed reload, in  0.969 seconds
Platform modules already initialized, skipping
Shader 'Universal Render Pipeline/Particles/Lit': fallback shader 'Universal Render Pipeline/Particles/SimpleLit' not found
Refreshing native plugins compatible for Editor in 0.51 ms, found 1 plugins.
Preloading 0 native plugins for Editor in 0.00 ms.
Unloading 2997 Unused Serialized files (Serialized files now loaded: 0)
System memory in use before: 134.3 MB.
System memory in use after: 134.4 MB.

Unloading 14 unused Assets to reduce memory usage. Loaded Objects now: 3766.
Total: 3.534600 ms (FindLiveObjects: 0.287600 ms CreateObjectMapping: 0.081500 ms MarkObjects: 3.007000 ms  DeleteObjects: 0.157400 ms)

========================================================================
Received Prepare
Registering precompiled user dll's ...
Registered in 0.001425 seconds.
Begin MonoManager ReloadAssembly
Native extension for WindowsStandalone target not found
Refreshing native plugins compatible for Editor in 0.54 ms, found 1 plugins.
Preloading 0 native plugins for Editor in 0.00 ms.
Mono: successfully reloaded assembly
- Completed reload, in  1.032 seconds
Platform modules already initialized, skipping
Shader 'Universal Render Pipeline/Particles/Lit': fallback shader 'Universal Render Pipeline/Particles/SimpleLit' not found
Refreshing native plugins compatible for Editor in 0.52 ms, found 1 plugins.
Preloading 0 native plugins for Editor in 0.00 ms.
Unloading 2998 Unused Serialized files (Serialized files now loaded: 0)
System memory in use before: 134.4 MB.
System memory in use after: 134.5 MB.

Unloading 14 unused Assets to reduce memory usage. Loaded Objects now: 3771.
Total: 2.633000 ms (FindLiveObjects: 0.292200 ms CreateObjectMapping: 0.085500 ms MarkObjects: 2.132100 ms  DeleteObjects: 0.122100 ms)

========================================================================
Received Import Request.
  Time since last request: 1803.094834 seconds.
  path: Assets/Scripts/Reflector.cs
  artifactKey: Guid(f493b3e48fdb1a9409722970f105e1aa) Importer(815301076,1909f56bfc062723c751e8b465ee728b)
Start importing Assets/Scripts/Reflector.cs using Guid(f493b3e48fdb1a9409722970f105e1aa) Importer(815301076,1909f56bfc062723c751e8b465ee728b)  -> (artifact id: '81f90e217698faba467de12f79125fb2') in 0.010207 seconds
  Import took 0.014573 seconds .

========================================================================
Received Prepare
Registering precompiled user dll's ...
Registered in 0.001375 seconds.
Begin MonoManager ReloadAssembly
Native extension for WindowsStandalone target not found
Refreshing native plugins compatible for Editor in 0.51 ms, found 1 plugins.
Preloading 0 native plugins for Editor in 0.00 ms.
Mono: successfully reloaded assembly
- Completed reload, in  1.112 seconds
Platform modules already initialized, skipping
Shader 'Universal Render Pipeline/Particles/Lit': fallback shader 'Universal Render Pipeline/Particles/SimpleLit' not found
Refreshing native plugins compatible for Editor in 0.54 ms, found 1 plugins.
Preloading 0 native plugins for Editor in 0.00 ms.
Unloading 2999 Unused Serialized files (Serialized files now loaded: 0)
System memory in use before: 134.4 MB.
System memory in use after: 134.5 MB.

Unloading 14 unused Assets to reduce memory usage. Loaded Objects now: 3776.
Total: 3.241000 ms (FindLiveObjects: 0.320200 ms CreateObjectMapping: 0.090100 ms MarkObjects: 2.695800 ms  DeleteObjects: 0.133600 ms)

AssetImportWorkerClient::OnTransportError - code=2 error=End of file
