Using pre-set license
Built from '2020.3/staging' branch; Version is '2020.3.8f1 (507919d4fff5) revision 5273881'; Using compiler version '192528614'; Build Type 'Release'
OS: 'Windows 10 Pro; OS build 19042.1237; Version 2009; 64bit' Language: 'ru' Physical Memory: 16334 MB
BatchMode: 1, IsHumanControllingUs: 0, StartBugReporterOnCrash: 0, Is64bit: 1, IsPro: 0

 COMMAND LINE ARGUMENTS:
C:\Program Files\Unity\Hub\Editor\2020.3.8f1\Editor\Unity.exe
-adb2
-batchMode
-noUpm
-name
AssetImportWorker0
-projectPath
E:/GitHub/LD49Proj/Ludum Dare 49 project
-logFile
Logs/AssetImportWorker0.log
-srvPort
4951
Successfully changed project path to: E:/GitHub/LD49Proj/Ludum Dare 49 project
E:/GitHub/LD49Proj/Ludum Dare 49 project
Using Asset Import Pipeline V2.
Refreshing native plugins compatible for Editor in 63.25 ms, found 1 plugins.
Preloading 0 native plugins for Editor in 0.00 ms.
Initialize engine version: 2020.3.8f1 (507919d4fff5)
[Subsystems] Discovering subsystems at path C:/Program Files/Unity/Hub/Editor/2020.3.8f1/Editor/Data/Resources/UnitySubsystems
[Subsystems] Discovering subsystems at path E:/GitHub/LD49Proj/Ludum Dare 49 project/Assets
GfxDevice: creating device client; threaded=0
Direct3D:
    Version:  Direct3D 11.0 [level 11.1]
    Renderer: NVIDIA GeForce GTX 1070 (ID=0x1b81)
    Vendor:   
    VRAM:     8088 MB
    Driver:   27.21.14.6677
Shader 'Universal Render Pipeline/Particles/Lit': fallback shader 'Universal Render Pipeline/Particles/SimpleLit' not found
Initialize mono
Mono path[0] = 'C:/Program Files/Unity/Hub/Editor/2020.3.8f1/Editor/Data/Managed'
Mono path[1] = 'C:/Program Files/Unity/Hub/Editor/2020.3.8f1/Editor/Data/MonoBleedingEdge/lib/mono/unityjit'
Mono config path = 'C:/Program Files/Unity/Hub/Editor/2020.3.8f1/Editor/Data/MonoBleedingEdge/etc'
Using monoOptions --debugger-agent=transport=dt_socket,embedding=1,server=y,suspend=n,address=127.0.0.1:56760
Begin MonoManager ReloadAssembly
Registering precompiled unity dll's ...
Register platform support module: C:/Program Files/Unity/Hub/Editor/2020.3.8f1/Editor/Data/PlaybackEngines/WindowsStandaloneSupport/UnityEditor.WindowsStandalone.Extensions.dll
Registered in 0.002456 seconds.
Native extension for WindowsStandalone target not found
Refreshing native plugins compatible for Editor in 59.24 ms, found 1 plugins.
Preloading 0 native plugins for Editor in 0.00 ms.
Mono: successfully reloaded assembly
- Completed reload, in  1.321 seconds
Platform modules already initialized, skipping
Registering precompiled user dll's ...
Registered in 0.001313 seconds.
Begin MonoManager ReloadAssembly
Native extension for WindowsStandalone target not found
Refreshing native plugins compatible for Editor in 67.21 ms, found 1 plugins.
Preloading 0 native plugins for Editor in 0.00 ms.
Mono: successfully reloaded assembly
- Completed reload, in  1.159 seconds
Platform modules already initialized, skipping
========================================================================
Worker process is ready to serve import requests
Shader 'Universal Render Pipeline/Particles/Lit': fallback shader 'Universal Render Pipeline/Particles/SimpleLit' not found
Launched and connected shader compiler UnityShaderCompiler.exe after 0.05 seconds
Refreshing native plugins compatible for Editor in 0.52 ms, found 1 plugins.
Preloading 0 native plugins for Editor in 0.00 ms.
Unloading 3127 Unused Serialized files (Serialized files now loaded: 0)
System memory in use before: 137.8 MB.
System memory in use after: 137.9 MB.

Unloading 26 unused Assets to reduce memory usage. Loaded Objects now: 3569.
Total: 5.723500 ms (FindLiveObjects: 0.396600 ms CreateObjectMapping: 0.244700 ms MarkObjects: 4.810000 ms  DeleteObjects: 0.269600 ms)

========================================================================
Received Import Request.
  path: Assets/NucleeVars/NucleeVar1.asset
  artifactKey: Guid(f72305b596a97a846885cf19e5055f1e) Importer(815301076,1909f56bfc062723c751e8b465ee728b)
Start importing Assets/NucleeVars/NucleeVar1.asset using Guid(f72305b596a97a846885cf19e5055f1e) Importer(815301076,1909f56bfc062723c751e8b465ee728b)  -> (artifact id: '781026560ba9ca7d3cb7ad6d4102ac10') in 0.071741 seconds
  Import took 0.098600 seconds .

========================================================================
Received Import Request.
  Time since last request: 9.034485 seconds.
  path: Assets/Sprites/Atoms.png
  artifactKey: Guid(79a23b983b6f2db4b9579184b0c4940d) Importer(815301076,1909f56bfc062723c751e8b465ee728b)
Start importing Assets/Sprites/Atoms.png using Guid(79a23b983b6f2db4b9579184b0c4940d) Importer(815301076,1909f56bfc062723c751e8b465ee728b)  -> (artifact id: '3d7e8fe34072ecdc31558dba831e27cd') in 0.103939 seconds
  Import took 0.125051 seconds .

========================================================================
Received Import Request.
  Time since last request: 39.105138 seconds.
  path: Assets/Sprites/Atoms.png
  artifactKey: Guid(79a23b983b6f2db4b9579184b0c4940d) Importer(815301076,1909f56bfc062723c751e8b465ee728b)
Start importing Assets/Sprites/Atoms.png using Guid(79a23b983b6f2db4b9579184b0c4940d) Importer(815301076,1909f56bfc062723c751e8b465ee728b)  -> (artifact id: '827e8432aea0cbc58806a9d1721eb876') in 0.107952 seconds
  Import took 0.137169 seconds .

========================================================================
Received Import Request.
  Time since last request: 21.002941 seconds.
  path: Assets/Sprites/AtomsExplode.png
  artifactKey: Guid(1fe82b492a4bd4b4daf0ae2175ae3bdd) Importer(815301076,1909f56bfc062723c751e8b465ee728b)
Start importing Assets/Sprites/AtomsExplode.png using Guid(1fe82b492a4bd4b4daf0ae2175ae3bdd) Importer(815301076,1909f56bfc062723c751e8b465ee728b)  -> (artifact id: '34c245990274712b32831251042820c3') in 0.066047 seconds
  Import took 0.095558 seconds .

========================================================================
Received Import Request.
  Time since last request: 35.858348 seconds.
  path: Assets/Sprites/AtomsExplode.png
  artifactKey: Guid(1fe82b492a4bd4b4daf0ae2175ae3bdd) Importer(815301076,1909f56bfc062723c751e8b465ee728b)
Start importing Assets/Sprites/AtomsExplode.png using Guid(1fe82b492a4bd4b4daf0ae2175ae3bdd) Importer(815301076,1909f56bfc062723c751e8b465ee728b)  -> (artifact id: '08ab9ec7d575de3a136e605de2470de9') in 0.088188 seconds
  Import took 0.127010 seconds .

========================================================================
Received Import Request.
  Time since last request: 9.518258 seconds.
  path: Assets/Sprites/AtomsEating.png
  artifactKey: Guid(65afc872f713bcd419a2f57b2eb73371) Importer(815301076,1909f56bfc062723c751e8b465ee728b)
Start importing Assets/Sprites/AtomsEating.png using Guid(65afc872f713bcd419a2f57b2eb73371) Importer(815301076,1909f56bfc062723c751e8b465ee728b)  -> (artifact id: '4c0aa984f67f0a0a43cd174fb7665ffe') in 0.014920 seconds
  Import took 0.030733 seconds .

========================================================================
Received Import Request.
  Time since last request: 3.873276 seconds.
  path: Assets/Sprites/AtomsEating.png
  artifactKey: Guid(65afc872f713bcd419a2f57b2eb73371) Importer(815301076,1909f56bfc062723c751e8b465ee728b)
Start importing Assets/Sprites/AtomsEating.png using Guid(65afc872f713bcd419a2f57b2eb73371) Importer(815301076,1909f56bfc062723c751e8b465ee728b)  -> (artifact id: 'c0b81ad5abba783791caab5899fb89b3') in 0.010796 seconds
  Import took 0.015612 seconds .

========================================================================
Received Import Request.
  Time since last request: 12.828418 seconds.
  path: Assets/Sprites/AtomsEating.png
  artifactKey: Guid(65afc872f713bcd419a2f57b2eb73371) Importer(815301076,1909f56bfc062723c751e8b465ee728b)
Start importing Assets/Sprites/AtomsEating.png using Guid(65afc872f713bcd419a2f57b2eb73371) Importer(815301076,1909f56bfc062723c751e8b465ee728b)  -> (artifact id: '043c1c8ba666047de1e3c0dedaa1df0f') in 0.083803 seconds
  Import took 0.106438 seconds .

========================================================================
Received Import Request.
  Time since last request: 62.333572 seconds.
  path: Assets/NucleeVars/PurpleNuclee.asset
  artifactKey: Guid(f72305b596a97a846885cf19e5055f1e) Importer(815301076,1909f56bfc062723c751e8b465ee728b)
Start importing Assets/NucleeVars/PurpleNuclee.asset using Guid(f72305b596a97a846885cf19e5055f1e) Importer(815301076,1909f56bfc062723c751e8b465ee728b)  -> (artifact id: '4cd91253cacb38e55e1ac1d56a1ea671') in 0.010007 seconds
  Import took 0.033646 seconds .

========================================================================
Received Import Request.
  Time since last request: 5.968051 seconds.
  path: Assets/NucleeVars/PinkNuclee.asset
  artifactKey: Guid(9e699cb161e35c547a9827aeaf3c7709) Importer(815301076,1909f56bfc062723c751e8b465ee728b)
Start importing Assets/NucleeVars/PinkNuclee.asset using Guid(9e699cb161e35c547a9827aeaf3c7709) Importer(815301076,1909f56bfc062723c751e8b465ee728b)  -> (artifact id: 'a14481add06ecb49aac4954a855380ca') in 0.007958 seconds
  Import took 0.031787 seconds .

========================================================================
Received Import Request.
  Time since last request: 5.228065 seconds.
  path: Assets/NucleeVars/BlueNuclee.asset
  artifactKey: Guid(17a4a207c1baff146912e6bec775ac26) Importer(815301076,1909f56bfc062723c751e8b465ee728b)
Start importing Assets/NucleeVars/BlueNuclee.asset using Guid(17a4a207c1baff146912e6bec775ac26) Importer(815301076,1909f56bfc062723c751e8b465ee728b)  -> (artifact id: 'dbcc585956009b0662eebe8decdd46ab') in 0.006675 seconds
  Import took 0.023172 seconds .

========================================================================
Received Import Request.
  Time since last request: 8.276994 seconds.
  path: Assets/NucleeVars/OrangeNuclee.asset
  artifactKey: Guid(d21b7288f51d654418cadb704c393d65) Importer(815301076,1909f56bfc062723c751e8b465ee728b)
Start importing Assets/NucleeVars/OrangeNuclee.asset using Guid(d21b7288f51d654418cadb704c393d65) Importer(815301076,1909f56bfc062723c751e8b465ee728b)  -> (artifact id: '3bdd09e72a87f3e9f32749d7d4266c74') in 0.006537 seconds
  Import took 0.022264 seconds .

========================================================================
Received Import Request.
  Time since last request: 47.460437 seconds.
  path: Assets/Prefab/Particle/Blue particle.prefab
  artifactKey: Guid(dc62c8a0302bbd640a2d611e65c10887) Importer(815301076,1909f56bfc062723c751e8b465ee728b)
Start importing Assets/Prefab/Particle/Blue particle.prefab using Guid(dc62c8a0302bbd640a2d611e65c10887) Importer(815301076,1909f56bfc062723c751e8b465ee728b)  -> (artifact id: '3093da5a3e22754d19446dcd71007f03') in 0.159593 seconds
  Import took 0.178724 seconds .

========================================================================
Received Import Request.
  Time since last request: 6.070322 seconds.
  path: Assets/Prefab/Particle/Purple particle.prefab
  artifactKey: Guid(e038e28346b1cfc4599ef237b7cb11d6) Importer(815301076,1909f56bfc062723c751e8b465ee728b)
Start importing Assets/Prefab/Particle/Purple particle.prefab using Guid(e038e28346b1cfc4599ef237b7cb11d6) Importer(815301076,1909f56bfc062723c751e8b465ee728b)  -> (artifact id: 'bb249b736e983f25c47a47ba6beefccf') in 0.013773 seconds
  Import took 0.018659 seconds .

========================================================================
Received Import Request.
  Time since last request: 0.001535 seconds.
  path: Assets/Prefab/Particle/Purple particle.prefab
  artifactKey: Guid(e038e28346b1cfc4599ef237b7cb11d6) Importer(815301076,1909f56bfc062723c751e8b465ee728b)
Start importing Assets/Prefab/Particle/Purple particle.prefab using Guid(e038e28346b1cfc4599ef237b7cb11d6) Importer(815301076,1909f56bfc062723c751e8b465ee728b)  -> (artifact id: 'bb249b736e983f25c47a47ba6beefccf') in 0.008839 seconds
  Import took 0.013685 seconds .

========================================================================
Received Import Request.
  Time since last request: 6.171854 seconds.
  path: Assets/Prefab/Particle/Orange particle.prefab
  artifactKey: Guid(bc6be8f1bb7d05b4da9f793bf4eef88b) Importer(815301076,1909f56bfc062723c751e8b465ee728b)
Start importing Assets/Prefab/Particle/Orange particle.prefab using Guid(bc6be8f1bb7d05b4da9f793bf4eef88b) Importer(815301076,1909f56bfc062723c751e8b465ee728b)  -> (artifact id: '44081bf16488c70db880d2ce9f9aa5e8') in 0.024832 seconds
  Import took 0.041571 seconds .

========================================================================
Received Import Request.
  Time since last request: 5.554567 seconds.
  path: Assets/Prefab/Particle/Pink particle.prefab
  artifactKey: Guid(874c8936062a15c41946365caec717b5) Importer(815301076,1909f56bfc062723c751e8b465ee728b)
Start importing Assets/Prefab/Particle/Pink particle.prefab using Guid(874c8936062a15c41946365caec717b5) Importer(815301076,1909f56bfc062723c751e8b465ee728b)  -> (artifact id: '71ee25f3f43a693923c7bb7564206bf8') in 0.012186 seconds
  Import took 0.030254 seconds .

========================================================================
Received Import Request.
  Time since last request: 54.486009 seconds.
  path: Assets/NucleeVars/OrangeNuclee.asset
  artifactKey: Guid(d21b7288f51d654418cadb704c393d65) Importer(815301076,1909f56bfc062723c751e8b465ee728b)
Start importing Assets/NucleeVars/OrangeNuclee.asset using Guid(d21b7288f51d654418cadb704c393d65) Importer(815301076,1909f56bfc062723c751e8b465ee728b)  -> (artifact id: '706d43ec231a02566ca56a0c4f7dfcf9') in 0.003593 seconds
  Import took 0.009727 seconds .

========================================================================
Received Import Request.
  Time since last request: 0.004036 seconds.
  path: Assets/NucleeVars/OrangeNuclee.asset
  artifactKey: Guid(d21b7288f51d654418cadb704c393d65) Importer(815301076,1909f56bfc062723c751e8b465ee728b)
Start importing Assets/NucleeVars/OrangeNuclee.asset using Guid(d21b7288f51d654418cadb704c393d65) Importer(815301076,1909f56bfc062723c751e8b465ee728b)  -> (artifact id: '706d43ec231a02566ca56a0c4f7dfcf9') in 0.003165 seconds
  Import took 0.008017 seconds .

========================================================================
Received Prepare
Registering precompiled user dll's ...
Registered in 0.001424 seconds.
Begin MonoManager ReloadAssembly
Native extension for WindowsStandalone target not found
Refreshing native plugins compatible for Editor in 0.48 ms, found 1 plugins.
Preloading 0 native plugins for Editor in 0.00 ms.
Mono: successfully reloaded assembly
- Completed reload, in  1.131 seconds
Platform modules already initialized, skipping
Shader 'Universal Render Pipeline/Particles/Lit': fallback shader 'Universal Render Pipeline/Particles/SimpleLit' not found
Refreshing native plugins compatible for Editor in 0.54 ms, found 1 plugins.
Preloading 0 native plugins for Editor in 0.00 ms.
Unloading 3003 Unused Serialized files (Serialized files now loaded: 0)
System memory in use before: 134.7 MB.
System memory in use after: 134.8 MB.

Unloading 14 unused Assets to reduce memory usage. Loaded Objects now: 3622.
Total: 2.627800 ms (FindLiveObjects: 0.313100 ms CreateObjectMapping: 0.081400 ms MarkObjects: 2.109000 ms  DeleteObjects: 0.123300 ms)

